<?xml version="1.0" encoding="utf-8"?>
<TestRun id="60aa3b78-faf8-4252-8033-8927500b92b1" name="blazaro@BLAZARO 2026-04-09 15:53:11" runUser="TECSUR\blazaro" xmlns="http://microsoft.com/schemas/VisualStudio/TeamTest/2010">
  <Times creation="2026-04-09T15:53:11.4725178-05:00" queuing="2026-04-09T15:53:11.4725182-05:00" start="2026-04-09T15:53:10.7918539-05:00" finish="2026-04-09T15:53:12.1290782-05:00" />
  <TestSettings name="default" id="800b70ea-6f4c-42dd-9a6c-a52b18162819">
    <Deployment runDeploymentRoot="blazaro_BLAZARO_2026-04-09_15_53_11" />
  </TestSettings>
  <Results>
    <UnitTestResult executionId="4a1dfdd6-4a51-4333-a7ab-26e1069e985b" testId="af985848-1500-6db7-2620-390311c32f8b" testName="ComprobantePago.Tests.HU02.CA03_FacturacionManualTests.GuardarManual_EstadoInicialEsRegistrado" computerName="BLAZARO" duration="00:00:00.0061098" startTime="2026-04-09T15:53:12.0278810-05:00" endTime="2026-04-09T15:53:12.0278811-05:00" testType="13cdc9d9-ddb5-4fa4-a97d-d965ccfc6d4b" outcome="Passed" testListId="8c84fa94-04c1-424b-9868-57a2d4851a1d" relativeResultsDirectory="4a1dfdd6-4a51-4333-a7ab-26e1069e985b" />
    <UnitTestResult executionId="28bf8e61-1b03-4030-94bf-3b9483fe787b" testId="7db68d7a-2162-1a17-64c9-6a1f6ad9de1d" testName="ComprobantePago.Tests.HU02.CA01_ExtraccionDatosXmlTests.LeerXml_CuandoTieneDetraccion_DetectaFlag" computerName="BLAZARO" duration="00:00:00.0045755" startTime="2026-04-09T15:53:11.4522626-05:00" endTime="2026-04-09T15:53:11.4522628-05:00" testType="13cdc9d9-ddb5-4fa4-a97d-d965ccfc6d4b" outcome="Passed" testListId="8c84fa94-04c1-424b-9868-57a2d4851a1d" relativeResultsDirectory="28bf8e61-1b03-4030-94bf-3b9483fe787b" />
    <UnitTestResult executionId="0a67ec86-c05a-443d-80f0-142f90f1697b" testId="e3f42080-a129-a93d-616e-3882640cb928" testName="ComprobantePago.Tests.HU02.CA02_CamposObligatoriosTests.Validar_SerieVacia_Falla" computerName="BLAZARO" duration="00:00:00.0276658" startTime="2026-04-09T15:53:11.4636251-05:00" endTime="2026-04-09T15:53:11.4636251-05:00" testType="13cdc9d9-ddb5-4fa4-a97d-d965ccfc6d4b" outcome="Passed" testListId="8c84fa94-04c1-424b-9868-57a2d4851a1d" relativeResultsDirectory="0a67ec86-c05a-443d-80f0-142f90f1697b" />
    <UnitTestResult executionId="768935dc-b6c4-4470-a202-4672560dfb24" testId="d5b3692c-0732-7e3d-70d4-cc417b20fa74" testName="ComprobantePago.Tests.HU02.CA02_CamposObligatoriosTests.Validar_RazonSocialVacia_Falla" computerName="BLAZARO" duration="00:00:00.0004558" startTime="2026-04-09T15:53:11.4650354-05:00" endTime="2026-04-09T15:53:11.4650355-05:00" testType="13cdc9d9-ddb5-4fa4-a97d-d965ccfc6d4b" outcome="Passed" testListId="8c84fa94-04c1-424b-9868-57a2d4851a1d" relativeResultsDirectory="768935dc-b6c4-4470-a202-4672560dfb24" />
    <UnitTestResult executionId="07c358ee-2453-461c-9d38-625412b80bc5" testId="0d88e95a-55d5-f1c4-7cac-ee779b7d9af2" testName="ComprobantePago.Tests.HU03.CA02_AgregarImputacionTests.AgregarImputacion_DescripcionYProyecto_PersisteCorrecto" computerName="BLAZARO" duration="00:00:00.6276655" startTime="2026-04-09T15:53:12.0581370-05:00" endTime="2026-04-09T15:53:12.0581371-05:00" testType="13cdc9d9-ddb5-4fa4-a97d-d965ccfc6d4b" outcome="Passed" testListId="8c84fa94-04c1-424b-9868-57a2d4851a1d" relativeResultsDirectory="07c358ee-2453-461c-9d38-625412b80bc5" />
    <UnitTestResult executionId="54899483-713e-457e-a1e2-4dac97a930ec" testId="340219e2-d434-d791-0c44-fab065b49896" testName="ComprobantePago.Tests.HU01.CA01_ValidacionAutomaticaSunatTests.ValidarXml_AceptaTiposDeDocumentoPermitidos(tipoDoc: &quot;03&quot;, serie: &quot;B001&quot;, descripcion: &quot;Boleta de venta&quot;)" computerName="BLAZARO" duration="00:00:00.0008586" startTime="2026-04-09T15:53:11.9158166-05:00" endTime="2026-04-09T15:53:11.9158167-05:00" testType="13cdc9d9-ddb5-4fa4-a97d-d965ccfc6d4b" outcome="Passed" testListId="8c84fa94-04c1-424b-9868-57a2d4851a1d" relativeResultsDirectory="54899483-713e-457e-a1e2-4dac97a930ec" />
    <UnitTestResult executionId="1db68a6d-6138-42df-8e13-bf872d6552ad" testId="7c0450e6-7a55-63fa-1f30-e37ae27ac0b4" testName="ComprobantePago.Tests.HU02.CA03_FacturacionManualTests.GuardarManual_AceptaTiposDeComprobanteInterno(tipoDocumento: &quot;VM&quot;, descripcion: &quot;Vale de movilidad&quot;)" computerName="BLAZARO" duration="00:00:00.0003787" startTime="2026-04-09T15:53:12.0000028-05:00" endTime="2026-04-09T15:53:12.0000029-05:00" testType="13cdc9d9-ddb5-4fa4-a97d-d965ccfc6d4b" outcome="Passed" testListId="8c84fa94-04c1-424b-9868-57a2d4851a1d" relativeResultsDirectory="1db68a6d-6138-42df-8e13-bf872d6552ad" />
    <UnitTestResult executionId="a51be040-0053-494f-900f-9631b67d3fc9" testId="fcb3e288-c8d0-cead-ec8c-2cf540c73ab4" testName="ComprobantePago.Tests.HU02.CA02_CamposObligatoriosTests.Validar_ConDetraccionPorcentajeSuperior100_Falla" computerName="BLAZARO" duration="00:00:00.0002172" startTime="2026-04-09T15:53:11.4643012-05:00" endTime="2026-04-09T15:53:11.4643012-05:00" testType="13cdc9d9-ddb5-4fa4-a97d-d965ccfc6d4b" outcome="Passed" testListId="8c84fa94-04c1-424b-9868-57a2d4851a1d" relativeResultsDirectory="a51be040-0053-494f-900f-9631b67d3fc9" />
    <UnitTestResult executionId="a1186421-36c8-4cbb-9a66-ede3e821eda7" testId="8d6670c2-31c1-6c8d-731e-e6c42ec9c36d" testName="ComprobantePago.Tests.HU01.CA02_AlertaDocumentoNoValidadoTests.ValidarZip_SinXmlInterno_RetornaErrorSinLlamarSunat" computerName="BLAZARO" duration="00:00:00.3848610" startTime="2026-04-09T15:53:11.8151308-05:00" endTime="2026-04-09T15:53:11.8151309-05:00" testType="13cdc9d9-ddb5-4fa4-a97d-d965ccfc6d4b" outcome="Passed" testListId="8c84fa94-04c1-424b-9868-57a2d4851a1d" relativeResultsDirectory="a1186421-36c8-4cbb-9a66-ede3e821eda7" />
    <UnitTestResult executionId="765f0fb9-d2e1-4050-9fea-8ce10b157a15" testId="f0e1c25a-1587-c392-6f86-2e5da2c25010" testName="ComprobantePago.Tests.HU03.CA01_ValidacionDetraccionTests.ConDetraccion_PorcentajeDentroDeRango_Pasa(porcentaje: 4)" computerName="BLAZARO" duration="00:00:00.0001807" startTime="2026-04-09T15:53:11.4637247-05:00" endTime="2026-04-09T15:53:11.4637247-05:00" testType="13cdc9d9-ddb5-4fa4-a97d-d965ccfc6d4b" outcome="Passed" testListId="8c84fa94-04c1-424b-9868-57a2d4851a1d" relativeResultsDirectory="765f0fb9-d2e1-4050-9fea-8ce10b157a15" />
    <UnitTestResult executionId="a56b76fe-fe41-4d70-96b2-fc45ce76b6d8" testId="9a4e614b-0122-223c-c897-d8284a2185b5" testName="ComprobantePago.Tests.HU01.CA04_GeneracionFolioTests.GenerarFolio_CuandoSunatRechaza_NoGeneraFolio" computerName="BLAZARO" duration="00:00:00.0013692" startTime="2026-04-09T15:53:12.0028381-05:00" endTime="2026-04-09T15:53:12.0028383-05:00" testType="13cdc9d9-ddb5-4fa4-a97d-d965ccfc6d4b" outcome="Passed" testListId="8c84fa94-04c1-424b-9868-57a2d4851a1d" relativeResultsDirectory="a56b76fe-fe41-4d70-96b2-fc45ce76b6d8" />
    <UnitTestResult executionId="059b0372-57f5-49cb-8dc7-592fcfcfd42e" testId="3d82f3fd-4a5f-3242-776f-d678c14fee53" testName="ComprobantePago.Tests.HU01.CA02_AlertaDocumentoNoValidadoTests.ValidarXml_CuandoNoAutorizadoImprenta_NoGeneraFolio" computerName="BLAZARO" duration="00:00:00.0006824" startTime="2026-04-09T15:53:11.8371034-05:00" endTime="2026-04-09T15:53:11.8371035-05:00" testType="13cdc9d9-ddb5-4fa4-a97d-d965ccfc6d4b" outcome="Passed" testListId="8c84fa94-04c1-424b-9868-57a2d4851a1d" relativeResultsDirectory="059b0372-57f5-49cb-8dc7-592fcfcfd42e" />
    <UnitTestResult executionId="4f059687-4ef5-471e-9e84-3ee86c27660b" testId="05748816-c40c-bcd6-6f4d-636cf70c3a5f" testName="ComprobantePago.Tests.HU03.CA01_ValidacionDetraccionTests.ConDetraccion_MontoNegativo_Falla" computerName="BLAZARO" duration="00:00:00.0002397" startTime="2026-04-09T15:53:11.4645664-05:00" endTime="2026-04-09T15:53:11.4645664-05:00" testType="13cdc9d9-ddb5-4fa4-a97d-d965ccfc6d4b" outcome="Passed" testListId="8c84fa94-04c1-424b-9868-57a2d4851a1d" relativeResultsDirectory="4f059687-4ef5-471e-9e84-3ee86c27660b" />
    <UnitTestResult executionId="5ecb4f57-52fd-4172-b931-58c80644817b" testId="ed146f86-c1f8-3b75-5876-5e3af4152194" testName="ComprobantePago.Tests.HU02.CA02_CamposObligatoriosTests.Validar_RazonSocialSuperaMaximo_Falla" computerName="BLAZARO" duration="00:00:00.0004952" startTime="2026-04-09T15:53:11.4650058-05:00" endTime="2026-04-09T15:53:11.4650058-05:00" testType="13cdc9d9-ddb5-4fa4-a97d-d965ccfc6d4b" outcome="Passed" testListId="8c84fa94-04c1-424b-9868-57a2d4851a1d" relativeResultsDirectory="5ecb4f57-52fd-4172-b931-58c80644817b" />
    <UnitTestResult executionId="be4a6563-a1eb-4e63-8db4-e2aa4337a241" testId="03e8fa6c-92dd-c639-4a81-81be38938143" testName="ComprobantePago.Tests.HU03.CA03_EditarEliminarImputacionTests.EliminarImputacion_VariasLineas_SoloEliminaLaIndicada" computerName="BLAZARO" duration="00:00:00.0149870" startTime="2026-04-09T15:53:12.0812463-05:00" endTime="2026-04-09T15:53:12.0812464-05:00" testType="13cdc9d9-ddb5-4fa4-a97d-d965ccfc6d4b" outcome="Passed" testListId="8c84fa94-04c1-424b-9868-57a2d4851a1d" relativeResultsDirectory="be4a6563-a1eb-4e63-8db4-e2aa4337a241" />
    <UnitTestResult executionId="a506ba19-a85e-4398-b663-1b2d08fbcb98" testId="389a0bf2-9525-6a5b-9032-fb777d00197b" testName="ComprobantePago.Tests.HU03.CA02_AgregarImputacionTests.AgregarImputacion_PrimeraLinea_SecuenciaEs1" computerName="BLAZARO" duration="00:00:00.0025231" startTime="2026-04-09T15:53:12.0606345-05:00" endTime="2026-04-09T15:53:12.0606346-05:00" testType="13cdc9d9-ddb5-4fa4-a97d-d965ccfc6d4b" outcome="Passed" testListId="8c84fa94-04c1-424b-9868-57a2d4851a1d" relativeResultsDirectory="a506ba19-a85e-4398-b663-1b2d08fbcb98" />
    <UnitTestResult executionId="c89c1d05-411c-4eb9-b37b-d0b8f27a5fde" testId="92e450d1-c781-907c-eadd-1de7dc13eaef" testName="ComprobantePago.Tests.HU02.CA01_ExtraccionDatosXmlTests.LeerXml_CuandoMonedaUSD_TasaCambioSeLeDelXml" computerName="BLAZARO" duration="00:00:00.0001261" startTime="2026-04-09T15:53:11.4619067-05:00" endTime="2026-04-09T15:53:11.4619067-05:00" testType="13cdc9d9-ddb5-4fa4-a97d-d965ccfc6d4b" outcome="Passed" testListId="8c84fa94-04c1-424b-9868-57a2d4851a1d" relativeResultsDirectory="c89c1d05-411c-4eb9-b37b-d0b8f27a5fde" />
    <UnitTestResult executionId="71d5b4b0-66ff-4413-9f54-c3109a8cd0f1" testId="899b0d3a-379c-414a-b120-5641e0057ced" testName="ComprobantePago.Tests.HU02.CA02_CamposObligatoriosTests.Validar_RucConLetras_Falla" computerName="BLAZARO" duration="00:00:00.0001858" startTime="2026-04-09T15:53:11.4646229-05:00" endTime="2026-04-09T15:53:11.4646229-05:00" testType="13cdc9d9-ddb5-4fa4-a97d-d965ccfc6d4b" outcome="Passed" testListId="8c84fa94-04c1-424b-9868-57a2d4851a1d" relativeResultsDirectory="71d5b4b0-66ff-4413-9f54-c3109a8cd0f1" />
    <UnitTestResult executionId="5a8b819d-1eea-4b86-a763-1554a6152f01" testId="fb973cbd-267c-8fbd-94d1-386432339cda" testName="ComprobantePago.Tests.HU03.CA01_ValidacionDetraccionTests.ConDetraccion_PorcentajeDentroDeRango_Pasa(porcentaje: 0)" computerName="BLAZARO" duration="00:00:00.0002282" startTime="2026-04-09T15:53:11.4636600-05:00" endTime="2026-04-09T15:53:11.4636600-05:00" testType="13cdc9d9-ddb5-4fa4-a97d-d965ccfc6d4b" outcome="Passed" testListId="8c84fa94-04c1-424b-9868-57a2d4851a1d" relativeResultsDirectory="5a8b819d-1eea-4b86-a763-1554a6152f01" />
    <UnitTestResult executionId="6e4811a1-10bf-40db-bd6e-5f470ce3622f" testId="0abd8c03-5ebc-ff57-956b-95f8fe258489" testName="ComprobantePago.Tests.HU03.CA01_ValidacionDetraccionTests.ConDetraccion_DtoCompletoYValido_Pasa" computerName="BLAZARO" duration="00:00:00.0004298" startTime="2026-04-09T15:53:11.4643769-05:00" endTime="2026-04-09T15:53:11.4643769-05:00" testType="13cdc9d9-ddb5-4fa4-a97d-d965ccfc6d4b" outcome="Passed" testListId="8c84fa94-04c1-424b-9868-57a2d4851a1d" relativeResultsDirectory="6e4811a1-10bf-40db-bd6e-5f470ce3622f" />
    <UnitTestResult executionId="97f288fe-4162-4549-b597-9068dfbc48d3" testId="d7a8a645-27ff-cada-176b-081dad9c5361" testName="ComprobantePago.Tests.HU01.CA02_AlertaDocumentoNoValidadoTests.ValidarZip_CuandoSunatNoEncuentraComprobante_NoGeneraFolio" computerName="BLAZARO" duration="00:00:00.0009568" startTime="2026-04-09T15:53:11.8381469-05:00" endTime="2026-04-09T15:53:11.8381470-05:00" testType="13cdc9d9-ddb5-4fa4-a97d-d965ccfc6d4b" outcome="Passed" testListId="8c84fa94-04c1-424b-9868-57a2d4851a1d" relativeResultsDirectory="97f288fe-4162-4549-b597-9068dfbc48d3" />
    <UnitTestResult executionId="dff69c75-85a2-4671-adfe-9c1ee102794e" testId="fe98577a-c76b-1315-3164-29412cb80824" testName="ComprobantePago.Tests.HU02.CA04_ValidacionImputacionTests.Validar_DtoCompletoYValido_Pasa" computerName="BLAZARO" duration="00:00:00.0003894" startTime="2026-04-09T15:53:11.4642738-05:00" endTime="2026-04-09T15:53:11.4642739-05:00" testType="13cdc9d9-ddb5-4fa4-a97d-d965ccfc6d4b" outcome="Passed" testListId="8c84fa94-04c1-424b-9868-57a2d4851a1d" relativeResultsDirectory="dff69c75-85a2-4671-adfe-9c1ee102794e" />
    <UnitTestResult executionId="b93edd16-944d-4395-b83f-f5a8af26e6e7" testId="6e537407-ec44-094f-3591-7ef791a8e0d2" testName="ComprobantePago.Tests.HU02.CA04_ValidacionImputacionTests.Validar_TodosLosCodUnidadVacios_Falla" computerName="BLAZARO" duration="00:00:00.0003833" startTime="2026-04-09T15:53:11.4640554-05:00" endTime="2026-04-09T15:53:11.4640554-05:00" testType="13cdc9d9-ddb5-4fa4-a97d-d965ccfc6d4b" outcome="Passed" testListId="8c84fa94-04c1-424b-9868-57a2d4851a1d" relativeResultsDirectory="b93edd16-944d-4395-b83f-f5a8af26e6e7" />
    <UnitTestResult executionId="9e832375-ab0a-4f45-956a-0d0d6d0c7925" testId="d95bf0b2-b428-c665-bb00-214b00ecbc3a" testName="ComprobantePago.Tests.HU02.CA04_ValidacionImputacionTests.Validar_CuentaContableVacia_Falla" computerName="BLAZARO" duration="00:00:00.0002169" startTime="2026-04-09T15:53:11.4646384-05:00" endTime="2026-04-09T15:53:11.4646384-05:00" testType="13cdc9d9-ddb5-4fa4-a97d-d965ccfc6d4b" outcome="Passed" testListId="8c84fa94-04c1-424b-9868-57a2d4851a1d" relativeResultsDirectory="9e832375-ab0a-4f45-956a-0d0d6d0c7925" />
    <UnitTestResult executionId="cf4e3d94-df4c-411c-afe7-e0d0011f5d15" testId="c2f59b63-65a1-6c47-010b-58ebdf8195b2" testName="ComprobantePago.Tests.HU01.CA01_ValidacionAutomaticaSunatTests.ValidarXml_AceptaTiposDeDocumentoPermitidos(tipoDoc: &quot;07&quot;, serie: &quot;FC01&quot;, descripcion: &quot;Nota de crédito&quot;)" computerName="BLAZARO" duration="00:00:00.0010277" startTime="2026-04-09T15:53:11.9244414-05:00" endTime="2026-04-09T15:53:11.9244415-05:00" testType="13cdc9d9-ddb5-4fa4-a97d-d965ccfc6d4b" outcome="Passed" testListId="8c84fa94-04c1-424b-9868-57a2d4851a1d" relativeResultsDirectory="cf4e3d94-df4c-411c-afe7-e0d0011f5d15" />
    <UnitTestResult executionId="448836d8-1857-4be9-8d6c-fc467a120c40" testId="81292063-db4b-a393-0745-43e48e5ba6ee" testName="ComprobantePago.Tests.HU02.CA01_ExtraccionDatosXmlTests.LeerXml_ExtraeMontoNeto" computerName="BLAZARO" duration="00:00:00.0001061" startTime="2026-04-09T15:53:11.4620381-05:00" endTime="2026-04-09T15:53:11.4620381-05:00" testType="13cdc9d9-ddb5-4fa4-a97d-d965ccfc6d4b" outcome="Passed" testListId="8c84fa94-04c1-424b-9868-57a2d4851a1d" relativeResultsDirectory="448836d8-1857-4be9-8d6c-fc467a120c40" />
    <UnitTestResult executionId="8701c3f1-d1ba-4f67-bcba-64f9da26baba" testId="4a93f0aa-d9f2-1cd1-583f-133f0035fb6e" testName="ComprobantePago.Tests.HU02.CA03_FacturacionManualTests.GuardarManual_ConFolioExistente_ActualizaSinCrearDuplicado" computerName="BLAZARO" duration="00:00:00.0094759" startTime="2026-04-09T15:53:12.0099249-05:00" endTime="2026-04-09T15:53:12.0099251-05:00" testType="13cdc9d9-ddb5-4fa4-a97d-d965ccfc6d4b" outcome="Passed" testListId="8c84fa94-04c1-424b-9868-57a2d4851a1d" relativeResultsDirectory="8701c3f1-d1ba-4f67-bcba-64f9da26baba" />
    <UnitTestResult executionId="68c87552-4deb-4fba-998a-ae0744ca92ed" testId="dfd7a954-6540-e13c-e200-cf790e92a9d2" testName="ComprobantePago.Tests.HU02.CA01_ExtraccionDatosXmlTests.LeerXml_CuandoNoTieneDetraccion_FlagEsFalso" computerName="BLAZARO" duration="00:00:00.0003028" startTime="2026-04-09T15:53:11.4618088-05:00" endTime="2026-04-09T15:53:11.4618089-05:00" testType="13cdc9d9-ddb5-4fa4-a97d-d965ccfc6d4b" outcome="Passed" testListId="8c84fa94-04c1-424b-9868-57a2d4851a1d" relativeResultsDirectory="68c87552-4deb-4fba-998a-ae0744ca92ed" />
    <UnitTestResult executionId="7f2ae03f-2a7f-44bd-8370-8b7c4c3624ba" testId="fefc390a-1cdd-e5d1-d335-2f6621693635" testName="ComprobantePago.Tests.HU01.CA01_ValidacionAutomaticaSunatTests.ValidarZip_CuandoSunatAcepta_RetornaFolioGenerado" computerName="BLAZARO" duration="00:00:00.0048177" startTime="2026-04-09T15:53:11.9115067-05:00" endTime="2026-04-09T15:53:11.9115068-05:00" testType="13cdc9d9-ddb5-4fa4-a97d-d965ccfc6d4b" outcome="Passed" testListId="8c84fa94-04c1-424b-9868-57a2d4851a1d" relativeResultsDirectory="7f2ae03f-2a7f-44bd-8370-8b7c4c3624ba" />
    <UnitTestResult executionId="0c09c604-60f5-4743-9133-29fd761e7eec" testId="f4da8690-f0b7-4094-e1ec-c21a68e9ae7a" testName="ComprobantePago.Tests.HU03.CA03_EditarEliminarImputacionTests.EliminarImputacion_ExistePreviamente_YaNoExisteEnDb" computerName="BLAZARO" duration="00:00:00.0053963" startTime="2026-04-09T15:53:12.0866902-05:00" endTime="2026-04-09T15:53:12.0866903-05:00" testType="13cdc9d9-ddb5-4fa4-a97d-d965ccfc6d4b" outcome="Passed" testListId="8c84fa94-04c1-424b-9868-57a2d4851a1d" relativeResultsDirectory="0c09c604-60f5-4743-9133-29fd761e7eec" />
    <UnitTestResult executionId="5dd95810-3443-41ab-9fcd-99a60fc0f9f1" testId="a16140d9-7686-5e9b-7b50-9e2b1b994d3b" testName="ComprobantePago.Tests.HU01.CA01_ValidacionAutomaticaSunatTests.ValidarXml_AceptaTiposDeDocumentoPermitidos(tipoDoc: &quot;08&quot;, serie: &quot;FD01&quot;, descripcion: &quot;Nota de débito&quot;)" computerName="BLAZARO" duration="00:00:00.0074944" startTime="2026-04-09T15:53:11.9234615-05:00" endTime="2026-04-09T15:53:11.9234616-05:00" testType="13cdc9d9-ddb5-4fa4-a97d-d965ccfc6d4b" outcome="Passed" testListId="8c84fa94-04c1-424b-9868-57a2d4851a1d" relativeResultsDirectory="5dd95810-3443-41ab-9fcd-99a60fc0f9f1" />
    <UnitTestResult executionId="540888af-99ac-4280-bcb9-3ddfa6fe6092" testId="84be820b-6040-a3e1-e337-1274bd94aff1" testName="ComprobantePago.Tests.HU01.CA01_ValidacionAutomaticaSunatTests.ValidarXml_InvocaSunatConDatosExtraidos" computerName="BLAZARO" duration="00:00:00.0015400" startTime="2026-04-09T15:53:11.9303627-05:00" endTime="2026-04-09T15:53:11.9303628-05:00" testType="13cdc9d9-ddb5-4fa4-a97d-d965ccfc6d4b" outcome="Passed" testListId="8c84fa94-04c1-424b-9868-57a2d4851a1d" relativeResultsDirectory="540888af-99ac-4280-bcb9-3ddfa6fe6092" />
    <UnitTestResult executionId="e2194cc3-762c-4f96-be3f-9d726014c1bc" testId="84d8b24e-2b72-44c3-1a77-3bf234c33c1f" testName="ComprobantePago.Tests.HU02.CA02_CamposObligatoriosTests.Validar_DtoCompletoYValido_Pasa" computerName="BLAZARO" duration="00:00:00.0005166" startTime="2026-04-09T15:53:11.4649598-05:00" endTime="2026-04-09T15:53:11.4649599-05:00" testType="13cdc9d9-ddb5-4fa4-a97d-d965ccfc6d4b" outcome="Passed" testListId="8c84fa94-04c1-424b-9868-57a2d4851a1d" relativeResultsDirectory="e2194cc3-762c-4f96-be3f-9d726014c1bc" />
    <UnitTestResult executionId="c104096b-83c6-416b-a29d-78465c67ce74" testId="742ded9e-5602-b3c9-5dfb-b4a8be6c02f6" testName="ComprobantePago.Tests.HU03.CA01_ValidacionDetraccionTests.ConDetraccion_MontoCero_Pasa" computerName="BLAZARO" duration="00:00:00.0011114" startTime="2026-04-09T15:53:11.4621027-05:00" endTime="2026-04-09T15:53:11.4621028-05:00" testType="13cdc9d9-ddb5-4fa4-a97d-d965ccfc6d4b" outcome="Passed" testListId="8c84fa94-04c1-424b-9868-57a2d4851a1d" relativeResultsDirectory="c104096b-83c6-416b-a29d-78465c67ce74" />
    <UnitTestResult executionId="db8abdbf-42b3-41fa-8e4d-4758349e0ec0" testId="4f9a55e5-93e9-78a9-c629-3597b801785c" testName="ComprobantePago.Tests.HU01.CA03_AlertaComprobanteDadoDeBajaTests.ValidarXml_CuandoComprobanteDadoDeBaja_ReportaCodigoAnulado" computerName="BLAZARO" duration="00:00:00.0012053" startTime="2026-04-09T15:53:11.8394161-05:00" endTime="2026-04-09T15:53:11.8394162-05:00" testType="13cdc9d9-ddb5-4fa4-a97d-d965ccfc6d4b" outcome="Passed" testListId="8c84fa94-04c1-424b-9868-57a2d4851a1d" relativeResultsDirectory="db8abdbf-42b3-41fa-8e4d-4758349e0ec0" />
    <UnitTestResult executionId="fb2599f0-9f7a-461e-9385-78d0d2395626" testId="90756bab-67c7-de68-3521-6af11f05b6ba" testName="ComprobantePago.Tests.HU02.CA02_CamposObligatoriosTests.Validar_MonedaVacia_Falla" computerName="BLAZARO" duration="00:00:00.0001649" startTime="2026-04-09T15:53:11.4646488-05:00" endTime="2026-04-09T15:53:11.4646489-05:00" testType="13cdc9d9-ddb5-4fa4-a97d-d965ccfc6d4b" outcome="Passed" testListId="8c84fa94-04c1-424b-9868-57a2d4851a1d" relativeResultsDirectory="fb2599f0-9f7a-461e-9385-78d0d2395626" />
    <UnitTestResult executionId="724464bc-591d-4b4f-a745-990fc605a5c7" testId="3787595c-430b-6949-81f1-e91abd9d54be" testName="ComprobantePago.Tests.HU02.CA01_ExtraccionDatosXmlTests.LeerXml_ExtraeNumero" computerName="BLAZARO" duration="00:00:00.0001077" startTime="2026-04-09T15:53:11.4619972-05:00" endTime="2026-04-09T15:53:11.4619972-05:00" testType="13cdc9d9-ddb5-4fa4-a97d-d965ccfc6d4b" outcome="Passed" testListId="8c84fa94-04c1-424b-9868-57a2d4851a1d" relativeResultsDirectory="724464bc-591d-4b4f-a745-990fc605a5c7" />
    <UnitTestResult executionId="9ee4e008-4ccc-4b3d-8017-90e9f32d3406" testId="50d8bef0-11ca-a75b-4d32-cf189e93a7e3" testName="ComprobantePago.Tests.HU02.CA01_ExtraccionDatosXmlTests.LeerXml_ExtraeMontoTotal" computerName="BLAZARO" duration="00:00:00.0001089" startTime="2026-04-09T15:53:11.4619559-05:00" endTime="2026-04-09T15:53:11.4619560-05:00" testType="13cdc9d9-ddb5-4fa4-a97d-d965ccfc6d4b" outcome="Passed" testListId="8c84fa94-04c1-424b-9868-57a2d4851a1d" relativeResultsDirectory="9ee4e008-4ccc-4b3d-8017-90e9f32d3406" />
    <UnitTestResult executionId="872a1b6b-b161-4d26-bb66-1a2b0ddbb957" testId="b33069ad-708e-c2bf-acbe-ed8dcd66f15c" testName="ComprobantePago.Tests.HU02.CA01_ExtraccionDatosXmlTests.LeerXml_ExtraeSerie" computerName="BLAZARO" duration="00:00:00.0002748" startTime="2026-04-09T15:53:11.4525995-05:00" endTime="2026-04-09T15:53:11.4525995-05:00" testType="13cdc9d9-ddb5-4fa4-a97d-d965ccfc6d4b" outcome="Passed" testListId="8c84fa94-04c1-424b-9868-57a2d4851a1d" relativeResultsDirectory="872a1b6b-b161-4d26-bb66-1a2b0ddbb957" />
    <UnitTestResult executionId="7e2c0211-af72-46b6-9321-7fea681b9848" testId="81118a81-6c47-8a0c-7897-46a976c3d2e2" testName="ComprobantePago.Tests.HU02.CA01_ExtraccionDatosXmlTests.LeerXml_ExtraeRucProveedor" computerName="BLAZARO" duration="00:00:00.0002456" startTime="2026-04-09T15:53:11.4535757-05:00" endTime="2026-04-09T15:53:11.4535758-05:00" testType="13cdc9d9-ddb5-4fa4-a97d-d965ccfc6d4b" outcome="Passed" testListId="8c84fa94-04c1-424b-9868-57a2d4851a1d" relativeResultsDirectory="7e2c0211-af72-46b6-9321-7fea681b9848" />
    <UnitTestResult executionId="fa8853fa-caff-4564-95ca-c5258dd1a11d" testId="bee68f9d-54b8-654f-22a1-dabfd53d1243" testName="ComprobantePago.Tests.HU03.CA01_ValidacionDetraccionTests.SinDetraccion_PorcentajeFueraRango_NoSeValida" computerName="BLAZARO" duration="00:00:00.0003352" startTime="2026-04-09T15:53:11.4616917-05:00" endTime="2026-04-09T15:53:11.4616918-05:00" testType="13cdc9d9-ddb5-4fa4-a97d-d965ccfc6d4b" outcome="Passed" testListId="8c84fa94-04c1-424b-9868-57a2d4851a1d" relativeResultsDirectory="fa8853fa-caff-4564-95ca-c5258dd1a11d" />
    <UnitTestResult executionId="a1f1042f-0530-4ac7-9a1e-d3e6c36ccc03" testId="1b9bd291-e24f-a5c4-076b-fdb35c79aabe" testName="ComprobantePago.Tests.HU02.CA01_ExtraccionDatosXmlTests.LeerXml_ExtraeRazonSocialProveedor" computerName="BLAZARO" duration="00:00:00.0185195" startTime="2026-04-09T15:53:11.4479358-05:00" endTime="2026-04-09T15:53:11.4479513-05:00" testType="13cdc9d9-ddb5-4fa4-a97d-d965ccfc6d4b" outcome="Passed" testListId="8c84fa94-04c1-424b-9868-57a2d4851a1d" relativeResultsDirectory="a1f1042f-0530-4ac7-9a1e-d3e6c36ccc03" />
    <UnitTestResult executionId="842b6106-a5ec-44d8-a7f2-b5bd152f2224" testId="d886b68b-6257-cdc9-417a-b1c8b3b57218" testName="ComprobantePago.Tests.HU02.CA03_FacturacionManualTests.GuardarManual_AceptaTiposDeComprobanteInterno(tipoDocumento: &quot;RP&quot;, descripcion: &quot;Recibo de agua/luz/teléfono&quot;)" computerName="BLAZARO" duration="00:00:00.0003843" startTime="2026-04-09T15:53:12.0003746-05:00" endTime="2026-04-09T15:53:12.0003747-05:00" testType="13cdc9d9-ddb5-4fa4-a97d-d965ccfc6d4b" outcome="Passed" testListId="8c84fa94-04c1-424b-9868-57a2d4851a1d" relativeResultsDirectory="842b6106-a5ec-44d8-a7f2-b5bd152f2224" />
    <UnitTestResult executionId="1ed5c458-a88f-4339-80e5-753ab53e6955" testId="6acdc7c3-dd94-682a-35e0-dc70331594a5" testName="ComprobantePago.Tests.HU01.CA01_ValidacionAutomaticaSunatTests.ValidarXml_CuandoSunatAutorizaImprenta_RetornaFolioGenerado" computerName="BLAZARO" duration="00:00:00.0020360" startTime="2026-04-09T15:53:11.9136701-05:00" endTime="2026-04-09T15:53:11.9136702-05:00" testType="13cdc9d9-ddb5-4fa4-a97d-d965ccfc6d4b" outcome="Passed" testListId="8c84fa94-04c1-424b-9868-57a2d4851a1d" relativeResultsDirectory="1ed5c458-a88f-4339-80e5-753ab53e6955" />
    <UnitTestResult executionId="021a8373-2a6e-469f-ae8d-8eab4899b653" testId="56d20427-2768-b51a-1c3e-e722d378b12c" testName="ComprobantePago.Tests.HU02.CA01_ExtraccionDatosXmlTests.LeerXml_XmlVacio_RetornaDtoSinExcepcion" computerName="BLAZARO" duration="00:00:00.0002576" startTime="2026-04-09T15:53:11.4532457-05:00" endTime="2026-04-09T15:53:11.4532459-05:00" testType="13cdc9d9-ddb5-4fa4-a97d-d965ccfc6d4b" outcome="Passed" testListId="8c84fa94-04c1-424b-9868-57a2d4851a1d" relativeResultsDirectory="021a8373-2a6e-469f-ae8d-8eab4899b653" />
    <UnitTestResult executionId="5cd7b92a-53e7-4f44-862a-b9091bc1129d" testId="d3ac4111-e3bb-bf79-104e-b7a2c13a42a3" testName="ComprobantePago.Tests.HU02.CA03_FacturacionManualTests.GuardarManual_AceptaTiposDeComprobanteInterno(tipoDocumento: &quot;RH&quot;, descripcion: &quot;Recibo por honorarios&quot;)" computerName="BLAZARO" duration="00:00:00.0004080" startTime="2026-04-09T15:53:11.9996197-05:00" endTime="2026-04-09T15:53:11.9996198-05:00" testType="13cdc9d9-ddb5-4fa4-a97d-d965ccfc6d4b" outcome="Passed" testListId="8c84fa94-04c1-424b-9868-57a2d4851a1d" relativeResultsDirectory="5cd7b92a-53e7-4f44-862a-b9091bc1129d" />
    <UnitTestResult executionId="cb4abb51-1759-461a-ab4d-23cf2fe47649" testId="6e60a625-41f7-a69e-c8b1-c9728c5ecd2f" testName="ComprobantePago.Tests.HU01.CA04_GeneracionFolioTests.GenerarFolio_IncremntaCorrelativamente_CuandaYaExistenComprobantes" computerName="BLAZARO" duration="00:00:00.0906561" startTime="2026-04-09T15:53:12.0001873-05:00" endTime="2026-04-09T15:53:12.0001874-05:00" testType="13cdc9d9-ddb5-4fa4-a97d-d965ccfc6d4b" outcome="Passed" testListId="8c84fa94-04c1-424b-9868-57a2d4851a1d" relativeResultsDirectory="cb4abb51-1759-461a-ab4d-23cf2fe47649" />
    <UnitTestResult executionId="7c4d1c6c-7688-442a-869e-8e82734bd956" testId="fe273b18-f5ca-ae54-2030-79c7db073f10" testName="ComprobantePago.Tests.HU02.CA02_CamposObligatoriosTests.Validar_MontoTotalCero_Falla" computerName="BLAZARO" duration="00:00:00.0004717" startTime="2026-04-09T15:53:11.4649901-05:00" endTime="2026-04-09T15:53:11.4649901-05:00" testType="13cdc9d9-ddb5-4fa4-a97d-d965ccfc6d4b" outcome="Passed" testListId="8c84fa94-04c1-424b-9868-57a2d4851a1d" relativeResultsDirectory="7c4d1c6c-7688-442a-869e-8e82734bd956" />
    <UnitTestResult executionId="e45ec111-5b62-470d-97c3-bf1c9cc5f4f8" testId="1387dee8-0c93-3d16-5d90-67b5eb1e954a" testName="ComprobantePago.Tests.HU03.CA01_ValidacionDetraccionTests.ConDetraccion_PorcentajeDentroDeRango_Pasa(porcentaje: 100)" computerName="BLAZARO" duration="00:00:00.0000475" startTime="2026-04-09T15:53:11.4640163-05:00" endTime="2026-04-09T15:53:11.4640164-05:00" testType="13cdc9d9-ddb5-4fa4-a97d-d965ccfc6d4b" outcome="Passed" testListId="8c84fa94-04c1-424b-9868-57a2d4851a1d" relativeResultsDirectory="e45ec111-5b62-470d-97c3-bf1c9cc5f4f8" />
    <UnitTestResult executionId="1bfb09c4-63d0-4974-8c83-1309d1a8c0d4" testId="dc318268-7f21-5a1b-92a8-f0dbfaa5a42f" testName="ComprobantePago.Tests.HU02.CA01_ExtraccionDatosXmlTests.LeerXml_CuandoMonedaPEN_TasaCambioEsUno" computerName="BLAZARO" duration="00:00:00.0003061" startTime="2026-04-09T15:53:11.4530172-05:00" endTime="2026-04-09T15:53:11.4530173-05:00" testType="13cdc9d9-ddb5-4fa4-a97d-d965ccfc6d4b" outcome="Passed" testListId="8c84fa94-04c1-424b-9868-57a2d4851a1d" relativeResultsDirectory="1bfb09c4-63d0-4974-8c83-1309d1a8c0d4" />
    <UnitTestResult executionId="44b3fcd4-8b86-4e17-bc42-e8e056b082df" testId="42f474f3-df50-e31f-4143-7f04bd29da13" testName="ComprobantePago.Tests.HU02.CA01_ExtraccionDatosXmlTests.LeerXml_ExtraeTipoDocumentoSunat" computerName="BLAZARO" duration="00:00:00.0000872" startTime="2026-04-09T15:53:11.4620800-05:00" endTime="2026-04-09T15:53:11.4620801-05:00" testType="13cdc9d9-ddb5-4fa4-a97d-d965ccfc6d4b" outcome="Passed" testListId="8c84fa94-04c1-424b-9868-57a2d4851a1d" relativeResultsDirectory="44b3fcd4-8b86-4e17-bc42-e8e056b082df" />
    <UnitTestResult executionId="ff799265-8c0b-4eec-a641-904547f48a6b" testId="daaa1b9d-1a5f-29fc-6f1e-13723bcbd29f" testName="ComprobantePago.Tests.HU01.CA01_ValidacionAutomaticaSunatTests.ValidarXml_AceptaTiposDeDocumentoPermitidos(tipoDoc: &quot;01&quot;, serie: &quot;F001&quot;, descripcion: &quot;Factura&quot;)" computerName="BLAZARO" duration="00:00:00.0011827" startTime="2026-04-09T15:53:11.9149041-05:00" endTime="2026-04-09T15:53:11.9149042-05:00" testType="13cdc9d9-ddb5-4fa4-a97d-d965ccfc6d4b" outcome="Passed" testListId="8c84fa94-04c1-424b-9868-57a2d4851a1d" relativeResultsDirectory="ff799265-8c0b-4eec-a641-904547f48a6b" />
    <UnitTestResult executionId="808d90cf-adb1-49e7-816e-5cee0ca040c8" testId="08f5d51d-59e4-b8de-caaf-6cccf9d25dcf" testName="ComprobantePago.Tests.HU02.CA02_CamposObligatoriosTests.Validar_NumeroVacio_Falla" computerName="BLAZARO" duration="00:00:00.0001929" startTime="2026-04-09T15:53:11.4643381-05:00" endTime="2026-04-09T15:53:11.4643381-05:00" testType="13cdc9d9-ddb5-4fa4-a97d-d965ccfc6d4b" outcome="Passed" testListId="8c84fa94-04c1-424b-9868-57a2d4851a1d" relativeResultsDirectory="808d90cf-adb1-49e7-816e-5cee0ca040c8" />
    <UnitTestResult executionId="18802d5b-36aa-407e-bb38-e31ee08a8abe" testId="0b86b4c0-b8d9-2812-9b23-60b69914be93" testName="ComprobantePago.Tests.HU03.CA01_ValidacionDetraccionTests.SinDetraccion_MontoNegativo_NoSeValida" computerName="BLAZARO" duration="00:00:00.0001692" startTime="2026-04-09T15:53:11.4646120-05:00" endTime="2026-04-09T15:53:11.4646120-05:00" testType="13cdc9d9-ddb5-4fa4-a97d-d965ccfc6d4b" outcome="Passed" testListId="8c84fa94-04c1-424b-9868-57a2d4851a1d" relativeResultsDirectory="18802d5b-36aa-407e-bb38-e31ee08a8abe" />
    <UnitTestResult executionId="d8196780-73c3-4d40-b4f4-1bd909f27a9c" testId="9bee4144-3f36-4b60-e9c5-2615accbb7dd" testName="ComprobantePago.Tests.HU02.CA04_ValidacionImputacionTests.Validar_SoloCodUnidad3Presente_Pasa" computerName="BLAZARO" duration="00:00:00.0001507" startTime="2026-04-09T15:53:11.4645498-05:00" endTime="2026-04-09T15:53:11.4645498-05:00" testType="13cdc9d9-ddb5-4fa4-a97d-d965ccfc6d4b" outcome="Passed" testListId="8c84fa94-04c1-424b-9868-57a2d4851a1d" relativeResultsDirectory="d8196780-73c3-4d40-b4f4-1bd909f27a9c" />
    <UnitTestResult executionId="607ab6d9-ee65-468d-93cc-68656c63b652" testId="d81c7915-a9af-3938-1509-059d0c1ba741" testName="ComprobantePago.Tests.HU02.CA03_FacturacionManualTests.GuardarManual_FolioTieneLongitudCorrecta" computerName="BLAZARO" duration="00:00:00.0007232" startTime="2026-04-09T15:53:12.0300970-05:00" endTime="2026-04-09T15:53:12.0300971-05:00" testType="13cdc9d9-ddb5-4fa4-a97d-d965ccfc6d4b" outcome="Passed" testListId="8c84fa94-04c1-424b-9868-57a2d4851a1d" relativeResultsDirectory="607ab6d9-ee65-468d-93cc-68656c63b652" />
    <UnitTestResult executionId="0f1fdebb-3f3a-4e7d-9c5e-00e92319d90a" testId="bb6480e4-9d63-bec0-2377-91ee4f871968" testName="ComprobantePago.Tests.HU01.CA04_GeneracionFolioTests.GenerarFolio_ContieneMesActualConDosDigitos" computerName="BLAZARO" duration="00:00:00.4773501" startTime="2026-04-09T15:53:11.9070970-05:00" endTime="2026-04-09T15:53:11.9070971-05:00" testType="13cdc9d9-ddb5-4fa4-a97d-d965ccfc6d4b" outcome="Passed" testListId="8c84fa94-04c1-424b-9868-57a2d4851a1d" relativeResultsDirectory="0f1fdebb-3f3a-4e7d-9c5e-00e92319d90a" />
    <UnitTestResult executionId="d3243078-70bc-489d-af25-94c12d7cea25" testId="5ae69a36-b9a0-ad41-0d3d-c1229c0782fe" testName="ComprobantePago.Tests.HU02.CA02_CamposObligatoriosTests.Validar_TipoDocumentoVacio_Falla" computerName="BLAZARO" duration="00:00:00.0002245" startTime="2026-04-09T15:53:11.4648397-05:00" endTime="2026-04-09T15:53:11.4648397-05:00" testType="13cdc9d9-ddb5-4fa4-a97d-d965ccfc6d4b" outcome="Passed" testListId="8c84fa94-04c1-424b-9868-57a2d4851a1d" relativeResultsDirectory="d3243078-70bc-489d-af25-94c12d7cea25" />
    <UnitTestResult executionId="13ccdc11-e034-4627-808c-a9bbab98da1e" testId="2f0f803f-a671-621a-2531-ca13a1b6c1d8" testName="ComprobantePago.Tests.HU01.CA01_ValidacionAutomaticaSunatTests.ValidarZip_InvocaSunatConDatosDelXmlInterno" computerName="BLAZARO" duration="00:00:00.0041937" startTime="2026-04-09T15:53:11.9287219-05:00" endTime="2026-04-09T15:53:11.9287223-05:00" testType="13cdc9d9-ddb5-4fa4-a97d-d965ccfc6d4b" outcome="Passed" testListId="8c84fa94-04c1-424b-9868-57a2d4851a1d" relativeResultsDirectory="13ccdc11-e034-4627-808c-a9bbab98da1e" />
    <UnitTestResult executionId="1839aede-d615-489d-b473-79718c40b324" testId="96f31a33-d142-77ab-b7f5-9e722087bde4" testName="ComprobantePago.Tests.HU02.CA02_CamposObligatoriosTests.Validar_RucConLongitudIncorrecta_Falla(ruc: &quot;202060184111&quot;)" computerName="BLAZARO" duration="00:00:00.0001718" startTime="2026-04-09T15:53:11.4645383-05:00" endTime="2026-04-09T15:53:11.4645384-05:00" testType="13cdc9d9-ddb5-4fa4-a97d-d965ccfc6d4b" outcome="Passed" testListId="8c84fa94-04c1-424b-9868-57a2d4851a1d" relativeResultsDirectory="1839aede-d615-489d-b473-79718c40b324" />
    <UnitTestResult executionId="dd4125f8-03e5-4105-ba90-245fd480ba34" testId="5fa88189-4b6a-d6cd-ae61-d5aebc178d40" testName="ComprobantePago.Tests.HU01.CA04_GeneracionFolioTests.GenerarFolio_IniciaDesdeCeroUno_CuandoNoHayComprobantes" computerName="BLAZARO" duration="00:00:00.0028224" startTime="2026-04-09T15:53:11.9095946-05:00" endTime="2026-04-09T15:53:11.9095948-05:00" testType="13cdc9d9-ddb5-4fa4-a97d-d965ccfc6d4b" outcome="Passed" testListId="8c84fa94-04c1-424b-9868-57a2d4851a1d" relativeResultsDirectory="dd4125f8-03e5-4105-ba90-245fd480ba34" />
    <UnitTestResult executionId="a7df5d1d-6cf7-4f20-8ff3-b34721082daf" testId="aef56dd8-bb9b-500e-1027-3d7e3869f177" testName="ComprobantePago.Tests.HU03.CA03_EditarEliminarImputacionTests.EditarImputacion_SecuenciaInexistente_LanzaExcepcion" computerName="BLAZARO" duration="00:00:00.0019174" startTime="2026-04-09T15:53:12.0886588-05:00" endTime="2026-04-09T15:53:12.0886588-05:00" testType="13cdc9d9-ddb5-4fa4-a97d-d965ccfc6d4b" outcome="Passed" testListId="8c84fa94-04c1-424b-9868-57a2d4851a1d" relativeResultsDirectory="a7df5d1d-6cf7-4f20-8ff3-b34721082daf" />
    <UnitTestResult executionId="586604a2-ad36-4837-8f07-f7617ea90b44" testId="404afd22-5b51-a46d-189f-c841aa49aa00" testName="ComprobantePago.Tests.HU03.CA03_EditarEliminarImputacionTests.EditarImputacion_CambiaCodUnidad4_PersisteCorrecto" computerName="BLAZARO" duration="00:00:00.0012164" startTime="2026-04-09T15:53:12.0649724-05:00" endTime="2026-04-09T15:53:12.0649726-05:00" testType="13cdc9d9-ddb5-4fa4-a97d-d965ccfc6d4b" outcome="Passed" testListId="8c84fa94-04c1-424b-9868-57a2d4851a1d" relativeResultsDirectory="586604a2-ad36-4837-8f07-f7617ea90b44" />
    <UnitTestResult executionId="b1b4013e-1390-4e50-874b-29ad81119b8c" testId="947b7b1d-974a-2ae2-43cf-ddcfc4ec4461" testName="ComprobantePago.Tests.HU03.CA02_AgregarImputacionTests.AgregarImputacion_SoloCodUnidad3_PersisteCorrecto" computerName="BLAZARO" duration="00:00:00.0011883" startTime="2026-04-09T15:53:12.0619703-05:00" endTime="2026-04-09T15:53:12.0619704-05:00" testType="13cdc9d9-ddb5-4fa4-a97d-d965ccfc6d4b" outcome="Passed" testListId="8c84fa94-04c1-424b-9868-57a2d4851a1d" relativeResultsDirectory="b1b4013e-1390-4e50-874b-29ad81119b8c" />
    <UnitTestResult executionId="b37f8640-43b5-495a-9fb2-ee4aa9f3da4a" testId="c5ca8015-7745-9ec9-2520-4ef6b2c71003" testName="ComprobantePago.Tests.HU02.CA03_FacturacionManualTests.GuardarManual_SinFolioPrevio_GeneraFolio" computerName="BLAZARO" duration="00:00:00.0009245" startTime="2026-04-09T15:53:12.0109267-05:00" endTime="2026-04-09T15:53:12.0109269-05:00" testType="13cdc9d9-ddb5-4fa4-a97d-d965ccfc6d4b" outcome="Passed" testListId="8c84fa94-04c1-424b-9868-57a2d4851a1d" relativeResultsDirectory="b37f8640-43b5-495a-9fb2-ee4aa9f3da4a" />
    <UnitTestResult executionId="e06bcb33-54f5-4076-a5ae-fcdf058feecc" testId="c5572030-4687-7e59-e5bb-d18c2488fb90" testName="ComprobantePago.Tests.HU02.CA02_CamposObligatoriosTests.Validar_MontoIGVNegativo_Falla" computerName="BLAZARO" duration="00:00:00.0005907" startTime="2026-04-09T15:53:11.4649373-05:00" endTime="2026-04-09T15:53:11.4649374-05:00" testType="13cdc9d9-ddb5-4fa4-a97d-d965ccfc6d4b" outcome="Passed" testListId="8c84fa94-04c1-424b-9868-57a2d4851a1d" relativeResultsDirectory="e06bcb33-54f5-4076-a5ae-fcdf058feecc" />
    <UnitTestResult executionId="45061e92-e9f2-4949-a9dd-ea7ef5437ce7" testId="5d63a1ec-2359-fff0-ab52-d15a67696824" testName="ComprobantePago.Tests.HU03.CA03_EditarEliminarImputacionTests.EditarImputacion_CambiaMontoYCodigos_PersisteCorrecto" computerName="BLAZARO" duration="00:00:00.6332459" startTime="2026-04-09T15:53:12.0637128-05:00" endTime="2026-04-09T15:53:12.0637129-05:00" testType="13cdc9d9-ddb5-4fa4-a97d-d965ccfc6d4b" outcome="Passed" testListId="8c84fa94-04c1-424b-9868-57a2d4851a1d" relativeResultsDirectory="45061e92-e9f2-4949-a9dd-ea7ef5437ce7" />
    <UnitTestResult executionId="8bdc4d3a-03fa-4f2c-aa65-27393e8ad939" testId="8abb5ce2-43ec-2af6-188f-abe3e3ee0f82" testName="ComprobantePago.Tests.HU03.CA02_AgregarImputacionTests.AgregarImputacion_TresLineas_SecuenciaIncrementa" computerName="BLAZARO" duration="00:00:00.0012466" startTime="2026-04-09T15:53:12.0669070-05:00" endTime="2026-04-09T15:53:12.0669071-05:00" testType="13cdc9d9-ddb5-4fa4-a97d-d965ccfc6d4b" outcome="Passed" testListId="8c84fa94-04c1-424b-9868-57a2d4851a1d" relativeResultsDirectory="8bdc4d3a-03fa-4f2c-aa65-27393e8ad939" />
    <UnitTestResult executionId="b513b773-3fd3-41b5-9c14-7acd03775e96" testId="e7322b52-6a05-daf4-8a91-69f8ef16bbe5" testName="ComprobantePago.Tests.HU02.CA04_ValidacionImputacionTests.Validar_LosTresCodUnidadPresentes_Pasa" computerName="BLAZARO" duration="00:00:00.0001292" startTime="2026-04-09T15:53:11.4645939-05:00" endTime="2026-04-09T15:53:11.4645939-05:00" testType="13cdc9d9-ddb5-4fa4-a97d-d965ccfc6d4b" outcome="Passed" testListId="8c84fa94-04c1-424b-9868-57a2d4851a1d" relativeResultsDirectory="b513b773-3fd3-41b5-9c14-7acd03775e96" />
    <UnitTestResult executionId="27323c0e-4981-4dc8-940d-e5d73737c507" testId="74bf3783-6fc1-c90e-88a3-c7b0ac319d91" testName="ComprobantePago.Tests.HU02.CA02_CamposObligatoriosTests.Validar_RucConLongitudIncorrecta_Falla(ruc: &quot;2020601841&quot;)" computerName="BLAZARO" duration="00:00:00.0001473" startTime="2026-04-09T15:53:11.4645790-05:00" endTime="2026-04-09T15:53:11.4645790-05:00" testType="13cdc9d9-ddb5-4fa4-a97d-d965ccfc6d4b" outcome="Passed" testListId="8c84fa94-04c1-424b-9868-57a2d4851a1d" relativeResultsDirectory="27323c0e-4981-4dc8-940d-e5d73737c507" />
    <UnitTestResult executionId="cc6742ba-7bf6-4ddf-b570-6777c5f52235" testId="76f5d1ca-61a1-7c9d-1dea-75a0bd36d787" testName="ComprobantePago.Tests.HU03.CA01_ValidacionDetraccionTests.ConDetraccion_TipoDetraccionVacio_Falla" computerName="BLAZARO" duration="00:00:00.0001856" startTime="2026-04-09T15:53:11.4640394-05:00" endTime="2026-04-09T15:53:11.4640394-05:00" testType="13cdc9d9-ddb5-4fa4-a97d-d965ccfc6d4b" outcome="Passed" testListId="8c84fa94-04c1-424b-9868-57a2d4851a1d" relativeResultsDirectory="cc6742ba-7bf6-4ddf-b570-6777c5f52235" />
    <UnitTestResult executionId="b4d598b5-f328-4bb1-8466-3d62e0e0eee7" testId="80b11959-4608-4f0e-d4f4-e6817d0804a5" testName="ComprobantePago.Tests.HU03.CA01_ValidacionDetraccionTests.ConDetraccion_TipoDetraccionVacio_MensajeEsCorrecto" computerName="BLAZARO" duration="00:00:00.0007079" startTime="2026-04-09T15:53:11.4636058-05:00" endTime="2026-04-09T15:53:11.4636060-05:00" testType="13cdc9d9-ddb5-4fa4-a97d-d965ccfc6d4b" outcome="Passed" testListId="8c84fa94-04c1-424b-9868-57a2d4851a1d" relativeResultsDirectory="b4d598b5-f328-4bb1-8466-3d62e0e0eee7" />
    <UnitTestResult executionId="4e6fce03-28fc-4814-a4fc-7ea69e9d7786" testId="75c36766-fe91-2a89-b7c0-389d40b66c1b" testName="ComprobantePago.Tests.HU02.CA03_FacturacionManualTests.GuardarManual_AceptaTiposDeComprobanteInterno(tipoDocumento: &quot;CI&quot;, descripcion: &quot;Comprobante interno&quot;)" computerName="BLAZARO" duration="00:00:00.0014436" startTime="2026-04-09T15:53:11.9991257-05:00" endTime="2026-04-09T15:53:11.9991258-05:00" testType="13cdc9d9-ddb5-4fa4-a97d-d965ccfc6d4b" outcome="Passed" testListId="8c84fa94-04c1-424b-9868-57a2d4851a1d" relativeResultsDirectory="4e6fce03-28fc-4814-a4fc-7ea69e9d7786" />
    <UnitTestResult executionId="64ee964c-ce67-4a59-9635-d174bdd69afd" testId="3449da85-fdbc-aa3b-7794-70dd7ee30d1c" testName="ComprobantePago.Tests.HU01.CA04_GeneracionFolioTests.GenerarFolio_CorrelativoEsDeCuatroDigitos" computerName="BLAZARO" duration="00:00:00.0011611" startTime="2026-04-09T15:53:12.0014128-05:00" endTime="2026-04-09T15:53:12.0014129-05:00" testType="13cdc9d9-ddb5-4fa4-a97d-d965ccfc6d4b" outcome="Passed" testListId="8c84fa94-04c1-424b-9868-57a2d4851a1d" relativeResultsDirectory="64ee964c-ce67-4a59-9635-d174bdd69afd" />
    <UnitTestResult executionId="2f1c3d1a-fb7d-429e-a7e9-b998a16b88e9" testId="1a29d69b-e5bc-11ec-6c81-0dcc80a4dc6c" testName="ComprobantePago.Tests.HU01.CA04_GeneracionFolioTests.GenerarFolio_ContieneAnioActual" computerName="BLAZARO" duration="00:00:00.0011532" startTime="2026-04-09T15:53:12.0040444-05:00" endTime="2026-04-09T15:53:12.0040445-05:00" testType="13cdc9d9-ddb5-4fa4-a97d-d965ccfc6d4b" outcome="Passed" testListId="8c84fa94-04c1-424b-9868-57a2d4851a1d" relativeResultsDirectory="2f1c3d1a-fb7d-429e-a7e9-b998a16b88e9" />
    <UnitTestResult executionId="94dc1db5-c4a7-4e89-855b-b143df7f8639" testId="7da66a52-0198-fa30-313e-6020d930499b" testName="ComprobantePago.Tests.HU02.CA04_ValidacionImputacionTests.Validar_DescripcionCuentaSuperaMaximo_Falla" computerName="BLAZARO" duration="00:00:00.0003169" startTime="2026-04-09T15:53:11.4643241-05:00" endTime="2026-04-09T15:53:11.4643242-05:00" testType="13cdc9d9-ddb5-4fa4-a97d-d965ccfc6d4b" outcome="Passed" testListId="8c84fa94-04c1-424b-9868-57a2d4851a1d" relativeResultsDirectory="94dc1db5-c4a7-4e89-855b-b143df7f8639" />
    <UnitTestResult executionId="8ffd5061-30aa-43d5-98d5-f4b248baf69b" testId="1dc46ec3-d79d-b53f-6757-36f8eccd3b58" testName="ComprobantePago.Tests.HU02.CA02_CamposObligatoriosTests.Validar_FechaEmisionVacia_Falla" computerName="BLAZARO" duration="00:00:00.0001856" startTime="2026-04-09T15:53:11.4643571-05:00" endTime="2026-04-09T15:53:11.4643571-05:00" testType="13cdc9d9-ddb5-4fa4-a97d-d965ccfc6d4b" outcome="Passed" testListId="8c84fa94-04c1-424b-9868-57a2d4851a1d" relativeResultsDirectory="8ffd5061-30aa-43d5-98d5-f4b248baf69b" />
    <UnitTestResult executionId="06583c13-8957-4a1f-ac2c-0bb0d12f4212" testId="cb0def2d-dfe7-7d39-1751-b3888ad92bce" testName="ComprobantePago.Tests.HU01.CA01_ValidacionAutomaticaSunatTests.ValidarXml_CuandoSunatAcepta_RetornaFolioGenerado" computerName="BLAZARO" duration="00:00:00.4764979" startTime="2026-04-09T15:53:11.9066330-05:00" endTime="2026-04-09T15:53:11.9066332-05:00" testType="13cdc9d9-ddb5-4fa4-a97d-d965ccfc6d4b" outcome="Passed" testListId="8c84fa94-04c1-424b-9868-57a2d4851a1d" relativeResultsDirectory="06583c13-8957-4a1f-ac2c-0bb0d12f4212" />
    <UnitTestResult executionId="545dda82-b689-40d4-a178-a4493e1ba849" testId="8a021058-1f4f-8b07-3a57-57034d623a78" testName="ComprobantePago.Tests.HU02.CA02_CamposObligatoriosTests.Validar_RucValido_Pasa" computerName="BLAZARO" duration="00:00:00.0001860" startTime="2026-04-09T15:53:11.4648874-05:00" endTime="2026-04-09T15:53:11.4648875-05:00" testType="13cdc9d9-ddb5-4fa4-a97d-d965ccfc6d4b" outcome="Passed" testListId="8c84fa94-04c1-424b-9868-57a2d4851a1d" relativeResultsDirectory="545dda82-b689-40d4-a178-a4493e1ba849" />
    <UnitTestResult executionId="0e58918c-9d02-480f-87fb-8230de17df94" testId="08834555-204b-4de3-5218-890cced9d139" testName="ComprobantePago.Tests.HU02.CA03_FacturacionManualTests.GuardarManual_RegistraUsuarioYFechaDigitacion" computerName="BLAZARO" duration="00:00:00.0106510" startTime="2026-04-09T15:53:12.0215959-05:00" endTime="2026-04-09T15:53:12.0215963-05:00" testType="13cdc9d9-ddb5-4fa4-a97d-d965ccfc6d4b" outcome="Passed" testListId="8c84fa94-04c1-424b-9868-57a2d4851a1d" relativeResultsDirectory="0e58918c-9d02-480f-87fb-8230de17df94" />
    <UnitTestResult executionId="0db163b6-7cef-4d71-b541-a806d5f3de74" testId="08e4d827-f67c-ad7d-ac4d-4fcd94db18c4" testName="ComprobantePago.Tests.HU01.CA03_AlertaComprobanteDadoDeBajaTests.ValidarXml_CuandoComprobanteDadoDeBaja_IncluyeMotivoRechazo" computerName="BLAZARO" duration="00:00:00.0014016" startTime="2026-04-09T15:53:11.8367171-05:00" endTime="2026-04-09T15:53:11.8367172-05:00" testType="13cdc9d9-ddb5-4fa4-a97d-d965ccfc6d4b" outcome="Passed" testListId="8c84fa94-04c1-424b-9868-57a2d4851a1d" relativeResultsDirectory="0db163b6-7cef-4d71-b541-a806d5f3de74" />
    <UnitTestResult executionId="92ff9d76-b157-4021-a303-63705247e7a4" testId="03ad11a4-9e9a-2653-325a-ba0e66446563" testName="ComprobantePago.Tests.HU03.CA02_AgregarImputacionTests.AgregarImputacion_CuentaYCodUnidad1_PersisteCorrecto" computerName="BLAZARO" duration="00:00:00.0010864" startTime="2026-04-09T15:53:12.0642428-05:00" endTime="2026-04-09T15:53:12.0642429-05:00" testType="13cdc9d9-ddb5-4fa4-a97d-d965ccfc6d4b" outcome="Passed" testListId="8c84fa94-04c1-424b-9868-57a2d4851a1d" relativeResultsDirectory="92ff9d76-b157-4021-a303-63705247e7a4" />
    <UnitTestResult executionId="00a251f2-f3af-402e-8eea-1bffc82dd045" testId="527e021f-9b13-748a-ebe4-08761cf23cae" testName="ComprobantePago.Tests.HU01.CA03_AlertaComprobanteDadoDeBajaTests.ValidarXml_CuandoComprobanteDadoDeBaja_NoGeneraFolio" computerName="BLAZARO" duration="00:00:00.0200631" startTime="2026-04-09T15:53:11.8353004-05:00" endTime="2026-04-09T15:53:11.8353005-05:00" testType="13cdc9d9-ddb5-4fa4-a97d-d965ccfc6d4b" outcome="Passed" testListId="8c84fa94-04c1-424b-9868-57a2d4851a1d" relativeResultsDirectory="00a251f2-f3af-402e-8eea-1bffc82dd045" />
    <UnitTestResult executionId="2014c825-11b4-4cd6-9dc2-efbdaccc309a" testId="947e97c3-f6f7-c329-79e9-7c3044d191a5" testName="ComprobantePago.Tests.HU03.CA02_AgregarImputacionTests.AgregarImputacion_RegistraUsuarioDigitador" computerName="BLAZARO" duration="00:00:00.0010054" startTime="2026-04-09T15:53:12.0652093-05:00" endTime="2026-04-09T15:53:12.0652094-05:00" testType="13cdc9d9-ddb5-4fa4-a97d-d965ccfc6d4b" outcome="Passed" testListId="8c84fa94-04c1-424b-9868-57a2d4851a1d" relativeResultsDirectory="2014c825-11b4-4cd6-9dc2-efbdaccc309a" />
    <UnitTestResult executionId="fb565e24-4b1a-4fc7-a374-134d2c709034" testId="7e8a6cfd-c59c-044e-50d3-8387104f136f" testName="ComprobantePago.Tests.HU03.CA02_AgregarImputacionTests.AgregarImputacion_LosTresCodUnidad_PersisteCorrecto" computerName="BLAZARO" duration="00:00:00.0011037" startTime="2026-04-09T15:53:12.0631109-05:00" endTime="2026-04-09T15:53:12.0631110-05:00" testType="13cdc9d9-ddb5-4fa4-a97d-d965ccfc6d4b" outcome="Passed" testListId="8c84fa94-04c1-424b-9868-57a2d4851a1d" relativeResultsDirectory="fb565e24-4b1a-4fc7-a374-134d2c709034" />
    <UnitTestResult executionId="8cfc1350-a778-4de0-aa23-99d50fc83027" testId="76aafb4a-4a86-86de-80a2-4327489559c3" testName="ComprobantePago.Tests.HU02.CA04_ValidacionImputacionTests.Validar_DescripcionCuentaVacia_Falla" computerName="BLAZARO" duration="00:00:00.0002496" startTime="2026-04-09T15:53:11.4643714-05:00" endTime="2026-04-09T15:53:11.4643714-05:00" testType="13cdc9d9-ddb5-4fa4-a97d-d965ccfc6d4b" outcome="Passed" testListId="8c84fa94-04c1-424b-9868-57a2d4851a1d" relativeResultsDirectory="8cfc1350-a778-4de0-aa23-99d50fc83027" />
    <UnitTestResult executionId="31160f7a-78ca-4731-b9ed-d621b387ed1a" testId="78279c45-cfe6-55ec-c516-423e315f9387" testName="ComprobantePago.Tests.HU01.CA02_AlertaDocumentoNoValidadoTests.ValidarXml_CuandoNoExisteEnSunat_NoGeneraFolio" computerName="BLAZARO" duration="00:00:00.0010850" startTime="2026-04-09T15:53:11.8364174-05:00" endTime="2026-04-09T15:53:11.8364175-05:00" testType="13cdc9d9-ddb5-4fa4-a97d-d965ccfc6d4b" outcome="Passed" testListId="8c84fa94-04c1-424b-9868-57a2d4851a1d" relativeResultsDirectory="31160f7a-78ca-4731-b9ed-d621b387ed1a" />
    <UnitTestResult executionId="7b34285a-cd70-4eed-ae0d-162341a67443" testId="867e44db-675a-c8c6-bb13-8d1bbd2e2d2e" testName="ComprobantePago.Tests.HU02.CA01_ExtraccionDatosXmlTests.LeerXml_ExtraeFechaEnFormatoDdMmYyyy" computerName="BLAZARO" duration="00:00:00.0002779" startTime="2026-04-09T15:53:11.4618661-05:00" endTime="2026-04-09T15:53:11.4618662-05:00" testType="13cdc9d9-ddb5-4fa4-a97d-d965ccfc6d4b" outcome="Passed" testListId="8c84fa94-04c1-424b-9868-57a2d4851a1d" relativeResultsDirectory="7b34285a-cd70-4eed-ae0d-162341a67443" />
    <UnitTestResult executionId="3b9d4b27-c086-41da-ba02-37aae38836df" testId="a92615cc-7165-ec7f-9d77-edfd0fe80660" testName="ComprobantePago.Tests.HU02.CA03_FacturacionManualTests.GuardarManual_AceptaTiposDeComprobanteInterno(tipoDocumento: &quot;VC&quot;, descripcion: &quot;Vale de caja&quot;)" computerName="BLAZARO" duration="00:00:00.5676164" startTime="2026-04-09T15:53:11.9976339-05:00" endTime="2026-04-09T15:53:11.9976340-05:00" testType="13cdc9d9-ddb5-4fa4-a97d-d965ccfc6d4b" outcome="Passed" testListId="8c84fa94-04c1-424b-9868-57a2d4851a1d" relativeResultsDirectory="3b9d4b27-c086-41da-ba02-37aae38836df" />
    <UnitTestResult executionId="6fa147f6-df4b-41c6-9746-2fc8467873e5" testId="40cd0fdd-6bad-bf99-8581-b493594070f4" testName="ComprobantePago.Tests.HU01.CA03_AlertaComprobanteDadoDeBajaTests.ValidarXml_CuandoComprobanteDadoDeBaja_ExitoEsFalso" computerName="BLAZARO" duration="00:00:00.0012855" startTime="2026-04-09T15:53:11.8381325-05:00" endTime="2026-04-09T15:53:11.8381327-05:00" testType="13cdc9d9-ddb5-4fa4-a97d-d965ccfc6d4b" outcome="Passed" testListId="8c84fa94-04c1-424b-9868-57a2d4851a1d" relativeResultsDirectory="6fa147f6-df4b-41c6-9746-2fc8467873e5" />
    <UnitTestResult executionId="0d3e610f-7621-40e0-8abb-1f374c400bff" testId="4e120333-299d-a506-0a44-415a3080dd29" testName="ComprobantePago.Tests.HU03.CA03_EditarEliminarImputacionTests.EditarImputacion_RegistraUsuarioActualizacion" computerName="BLAZARO" duration="00:00:00.0013060" startTime="2026-04-09T15:53:12.0663072-05:00" endTime="2026-04-09T15:53:12.0663073-05:00" testType="13cdc9d9-ddb5-4fa4-a97d-d965ccfc6d4b" outcome="Passed" testListId="8c84fa94-04c1-424b-9868-57a2d4851a1d" relativeResultsDirectory="0d3e610f-7621-40e0-8abb-1f374c400bff" />
    <UnitTestResult executionId="9d2744dd-c98e-46a0-afae-83d2cd7293fd" testId="f82123ad-ca5e-dec2-25d7-1158b3e7b0a0" testName="ComprobantePago.Tests.HU03.CA01_ValidacionDetraccionTests.SinDetraccion_TipoDetraccionVacia_Pasa" computerName="BLAZARO" duration="00:00:00.0258708" startTime="2026-04-09T15:53:11.4534348-05:00" endTime="2026-04-09T15:53:11.4534349-05:00" testType="13cdc9d9-ddb5-4fa4-a97d-d965ccfc6d4b" outcome="Passed" testListId="8c84fa94-04c1-424b-9868-57a2d4851a1d" relativeResultsDirectory="9d2744dd-c98e-46a0-afae-83d2cd7293fd" />
    <UnitTestResult executionId="2d7efeec-2792-46da-a2dd-140705ca3c9c" testId="1bfef472-6409-0cf6-079b-0cd12e9950ad" testName="ComprobantePago.Tests.HU02.CA04_ValidacionImputacionTests.Validar_SoloCodUnidad4Presente_Pasa" computerName="BLAZARO" duration="00:00:00.0001740" startTime="2026-04-09T15:53:11.4640806-05:00" endTime="2026-04-09T15:53:11.4640806-05:00" testType="13cdc9d9-ddb5-4fa4-a97d-d965ccfc6d4b" outcome="Passed" testListId="8c84fa94-04c1-424b-9868-57a2d4851a1d" relativeResultsDirectory="2d7efeec-2792-46da-a2dd-140705ca3c9c" />
    <UnitTestResult executionId="8ae5cb6a-f4eb-4850-8105-4cb1b0d33368" testId="a676a1a4-e88b-0053-da90-f7178df680bb" testName="ComprobantePago.Tests.HU02.CA02_CamposObligatoriosTests.Validar_SinDetraccion_PorcentajeNoSeValida" computerName="BLAZARO" duration="00:00:00.0004177" startTime="2026-04-09T15:53:11.4650208-05:00" endTime="2026-04-09T15:53:11.4650208-05:00" testType="13cdc9d9-ddb5-4fa4-a97d-d965ccfc6d4b" outcome="Passed" testListId="8c84fa94-04c1-424b-9868-57a2d4851a1d" relativeResultsDirectory="8ae5cb6a-f4eb-4850-8105-4cb1b0d33368" />
    <UnitTestResult executionId="725d5520-8515-4b0d-a771-01e6489bc06f" testId="de6de21c-853e-69e8-c177-921b42430110" testName="ComprobantePago.Tests.HU03.CA01_ValidacionDetraccionTests.ConDetraccion_PorcentajeFueraDeRango_Falla(porcentaje: 101)" computerName="BLAZARO" duration="00:00:00.0003942" startTime="2026-04-09T15:53:11.4642928-05:00" endTime="2026-04-09T15:53:11.4642928-05:00" testType="13cdc9d9-ddb5-4fa4-a97d-d965ccfc6d4b" outcome="Passed" testListId="8c84fa94-04c1-424b-9868-57a2d4851a1d" relativeResultsDirectory="725d5520-8515-4b0d-a771-01e6489bc06f" />
    <UnitTestResult executionId="e54a7151-d789-46d1-bd0f-a1d900a8c166" testId="0dec76a5-e5aa-52a5-f4b9-b5b96952cdc2" testName="ComprobantePago.Tests.HU02.CA04_ValidacionImputacionTests.Validar_FolioVacio_Falla" computerName="BLAZARO" duration="00:00:00.0284730" startTime="2026-04-09T15:53:11.4636773-05:00" endTime="2026-04-09T15:53:11.4636773-05:00" testType="13cdc9d9-ddb5-4fa4-a97d-d965ccfc6d4b" outcome="Passed" testListId="8c84fa94-04c1-424b-9868-57a2d4851a1d" relativeResultsDirectory="e54a7151-d789-46d1-bd0f-a1d900a8c166" />
    <UnitTestResult executionId="d331bcec-8660-4a91-8be4-400410dd0f56" testId="d3863f3c-d514-28e6-a43f-d65390cdcf8b" testName="ComprobantePago.Tests.HU02.CA02_CamposObligatoriosTests.Validar_RucVacio_FallaConMensaje" computerName="BLAZARO" duration="00:00:00.0002440" startTime="2026-04-09T15:53:11.4641228-05:00" endTime="2026-04-09T15:53:11.4641228-05:00" testType="13cdc9d9-ddb5-4fa4-a97d-d965ccfc6d4b" outcome="Passed" testListId="8c84fa94-04c1-424b-9868-57a2d4851a1d" relativeResultsDirectory="d331bcec-8660-4a91-8be4-400410dd0f56" />
    <UnitTestResult executionId="0fd36e59-377d-4657-95a1-ae2bb612c4d5" testId="ab2baa25-0505-b216-eba5-85e3b5382be3" testName="ComprobantePago.Tests.HU02.CA02_CamposObligatoriosTests.Validar_MontoNetoNegativo_Falla" computerName="BLAZARO" duration="00:00:00.0012910" startTime="2026-04-09T15:53:11.4640962-05:00" endTime="2026-04-09T15:53:11.4640963-05:00" testType="13cdc9d9-ddb5-4fa4-a97d-d965ccfc6d4b" outcome="Passed" testListId="8c84fa94-04c1-424b-9868-57a2d4851a1d" relativeResultsDirectory="0fd36e59-377d-4657-95a1-ae2bb612c4d5" />
    <UnitTestResult executionId="5a5de908-7a4a-4e64-a239-239a99df526a" testId="f838a30f-e3ba-793b-49a7-80555934261a" testName="ComprobantePago.Tests.HU03.CA01_ValidacionDetraccionTests.ConDetraccion_PorcentajeDentroDeRango_Pasa(porcentaje: 15)" computerName="BLAZARO" duration="00:00:00.0000671" startTime="2026-04-09T15:53:11.4637376-05:00" endTime="2026-04-09T15:53:11.4637376-05:00" testType="13cdc9d9-ddb5-4fa4-a97d-d965ccfc6d4b" outcome="Passed" testListId="8c84fa94-04c1-424b-9868-57a2d4851a1d" relativeResultsDirectory="5a5de908-7a4a-4e64-a239-239a99df526a" />
    <UnitTestResult executionId="9f72c598-ff4c-4f3f-9632-670655118939" testId="493909fe-924b-06d4-5153-0d49ddedef1d" testName="ComprobantePago.Tests.HU02.CA04_ValidacionImputacionTests.Validar_SoloCodUnidad1Presente_Pasa" computerName="BLAZARO" duration="00:00:00.0002224" startTime="2026-04-09T15:53:11.4637498-05:00" endTime="2026-04-09T15:53:11.4637499-05:00" testType="13cdc9d9-ddb5-4fa4-a97d-d965ccfc6d4b" outcome="Passed" testListId="8c84fa94-04c1-424b-9868-57a2d4851a1d" relativeResultsDirectory="9f72c598-ff4c-4f3f-9632-670655118939" />
    <UnitTestResult executionId="4e894224-38c5-48c6-aa7e-dea78a4ba262" testId="b9f680ec-2b2b-3321-03c1-8fff1d9fd624" testName="ComprobantePago.Tests.HU02.CA03_FacturacionManualTests.GuardarManual_PersisteDatosDeMontos" computerName="BLAZARO" duration="00:00:00.0013588" startTime="2026-04-09T15:53:12.0293271-05:00" endTime="2026-04-09T15:53:12.0293273-05:00" testType="13cdc9d9-ddb5-4fa4-a97d-d965ccfc6d4b" outcome="Passed" testListId="8c84fa94-04c1-424b-9868-57a2d4851a1d" relativeResultsDirectory="4e894224-38c5-48c6-aa7e-dea78a4ba262" />
    <UnitTestResult executionId="305c10f1-5138-453c-880c-6080c5bdc2f8" testId="4d8848f5-44d1-9d45-cbaa-c0da516005dc" testName="ComprobantePago.Tests.HU03.CA01_ValidacionDetraccionTests.ConDetraccion_PorcentajeFueraDeRango_Falla(porcentaje: -1)" computerName="BLAZARO" duration="00:00:00.0005906" startTime="2026-04-09T15:53:11.4641102-05:00" endTime="2026-04-09T15:53:11.4641102-05:00" testType="13cdc9d9-ddb5-4fa4-a97d-d965ccfc6d4b" outcome="Passed" testListId="8c84fa94-04c1-424b-9868-57a2d4851a1d" relativeResultsDirectory="305c10f1-5138-453c-880c-6080c5bdc2f8" />
    <UnitTestResult executionId="6d6af6a0-18e7-464d-8366-09df132e3397" testId="f0b5f313-3f45-5a3c-aaac-403650d79ae7" testName="ComprobantePago.Tests.HU01.CA02_AlertaDocumentoNoValidadoTests.ValidarXml_CuandoFallaConexionSunat_RetornaError" computerName="BLAZARO" duration="00:00:00.0199933" startTime="2026-04-09T15:53:11.8352288-05:00" endTime="2026-04-09T15:53:11.8352290-05:00" testType="13cdc9d9-ddb5-4fa4-a97d-d965ccfc6d4b" outcome="Passed" testListId="8c84fa94-04c1-424b-9868-57a2d4851a1d" relativeResultsDirectory="6d6af6a0-18e7-464d-8366-09df132e3397" />
    <UnitTestResult executionId="5aacbb99-d433-4d55-aff8-b97d382ec905" testId="f61600fd-1597-dfdf-17b7-8fcc0313cb51" testName="ComprobantePago.Tests.HU02.CA02_CamposObligatoriosTests.Validar_TipoSunatVacio_Falla" computerName="BLAZARO" duration="00:00:00.0004677" startTime="2026-04-09T15:53:11.4649746-05:00" endTime="2026-04-09T15:53:11.4649747-05:00" testType="13cdc9d9-ddb5-4fa4-a97d-d965ccfc6d4b" outcome="Passed" testListId="8c84fa94-04c1-424b-9868-57a2d4851a1d" relativeResultsDirectory="5aacbb99-d433-4d55-aff8-b97d382ec905" />
    <UnitTestResult executionId="8e810aaa-94c9-4b0d-81d7-24d534d53627" testId="4ac1a86e-e68c-2a78-9bbe-50b0d2c97797" testName="ComprobantePago.Tests.HU01.CA03_AlertaComprobanteDadoDeBajaTests.ValidarZip_CuandoComprobanteDadoDeBaja_NoGeneraFolio" computerName="BLAZARO" duration="00:00:00.3851323" startTime="2026-04-09T15:53:11.8158146-05:00" endTime="2026-04-09T15:53:11.8158147-05:00" testType="13cdc9d9-ddb5-4fa4-a97d-d965ccfc6d4b" outcome="Passed" testListId="8c84fa94-04c1-424b-9868-57a2d4851a1d" relativeResultsDirectory="8e810aaa-94c9-4b0d-81d7-24d534d53627" />
  </Results>
  <TestDefinitions>
    <UnitTest name="ComprobantePago.Tests.HU02.CA04_ValidacionImputacionTests.Validar_LosTresCodUnidadPresentes_Pasa" storage="c:\blazaro\aplicacioncomprobantepago\comprobantepago\comprobantepago.tests\bin\debug\net8.0\comprobantepago.tests.dll" id="e7322b52-6a05-daf4-8a91-69f8ef16bbe5">
      <Execution id="b513b773-3fd3-41b5-9c14-7acd03775e96" />
      <TestMethod codeBase="C:\blazaro\AplicacionComprobantePago\ComprobantePago\ComprobantePago.Tests\bin\Debug\net8.0\ComprobantePago.Tests.dll" adapterTypeName="executor://xunit/VsTestRunner2/netcoreapp" className="ComprobantePago.Tests.HU02.CA04_ValidacionImputacionTests" name="Validar_LosTresCodUnidadPresentes_Pasa" />
    </UnitTest>
    <UnitTest name="ComprobantePago.Tests.HU03.CA01_ValidacionDetraccionTests.ConDetraccion_PorcentajeDentroDeRango_Pasa(porcentaje: 0)" storage="c:\blazaro\aplicacioncomprobantepago\comprobantepago\comprobantepago.tests\bin\debug\net8.0\comprobantepago.tests.dll" id="fb973cbd-267c-8fbd-94d1-386432339cda">
      <Execution id="5a8b819d-1eea-4b86-a763-1554a6152f01" />
      <TestMethod codeBase="C:\blazaro\AplicacionComprobantePago\ComprobantePago\ComprobantePago.Tests\bin\Debug\net8.0\ComprobantePago.Tests.dll" adapterTypeName="executor://xunit/VsTestRunner2/netcoreapp" className="ComprobantePago.Tests.HU03.CA01_ValidacionDetraccionTests" name="ConDetraccion_PorcentajeDentroDeRango_Pasa" />
    </UnitTest>
    <UnitTest name="ComprobantePago.Tests.HU02.CA01_ExtraccionDatosXmlTests.LeerXml_ExtraeMontoTotal" storage="c:\blazaro\aplicacioncomprobantepago\comprobantepago\comprobantepago.tests\bin\debug\net8.0\comprobantepago.tests.dll" id="50d8bef0-11ca-a75b-4d32-cf189e93a7e3">
      <Execution id="9ee4e008-4ccc-4b3d-8017-90e9f32d3406" />
      <TestMethod codeBase="C:\blazaro\AplicacionComprobantePago\ComprobantePago\ComprobantePago.Tests\bin\Debug\net8.0\ComprobantePago.Tests.dll" adapterTypeName="executor://xunit/VsTestRunner2/netcoreapp" className="ComprobantePago.Tests.HU02.CA01_ExtraccionDatosXmlTests" name="LeerXml_ExtraeMontoTotal" />
    </UnitTest>
    <UnitTest name="ComprobantePago.Tests.HU02.CA03_FacturacionManualTests.GuardarManual_AceptaTiposDeComprobanteInterno(tipoDocumento: &quot;CI&quot;, descripcion: &quot;Comprobante interno&quot;)" storage="c:\blazaro\aplicacioncomprobantepago\comprobantepago\comprobantepago.tests\bin\debug\net8.0\comprobantepago.tests.dll" id="75c36766-fe91-2a89-b7c0-389d40b66c1b">
      <Execution id="4e6fce03-28fc-4814-a4fc-7ea69e9d7786" />
      <TestMethod codeBase="C:\blazaro\AplicacionComprobantePago\ComprobantePago\ComprobantePago.Tests\bin\Debug\net8.0\ComprobantePago.Tests.dll" adapterTypeName="executor://xunit/VsTestRunner2/netcoreapp" className="ComprobantePago.Tests.HU02.CA03_FacturacionManualTests" name="GuardarManual_AceptaTiposDeComprobanteInterno" />
    </UnitTest>
    <UnitTest name="ComprobantePago.Tests.HU02.CA04_ValidacionImputacionTests.Validar_CuentaContableVacia_Falla" storage="c:\blazaro\aplicacioncomprobantepago\comprobantepago\comprobantepago.tests\bin\debug\net8.0\comprobantepago.tests.dll" id="d95bf0b2-b428-c665-bb00-214b00ecbc3a">
      <Execution id="9e832375-ab0a-4f45-956a-0d0d6d0c7925" />
      <TestMethod codeBase="C:\blazaro\AplicacionComprobantePago\ComprobantePago\ComprobantePago.Tests\bin\Debug\net8.0\ComprobantePago.Tests.dll" adapterTypeName="executor://xunit/VsTestRunner2/netcoreapp" className="ComprobantePago.Tests.HU02.CA04_ValidacionImputacionTests" name="Validar_CuentaContableVacia_Falla" />
    </UnitTest>
    <UnitTest name="ComprobantePago.Tests.HU03.CA01_ValidacionDetraccionTests.SinDetraccion_PorcentajeFueraRango_NoSeValida" storage="c:\blazaro\aplicacioncomprobantepago\comprobantepago\comprobantepago.tests\bin\debug\net8.0\comprobantepago.tests.dll" id="bee68f9d-54b8-654f-22a1-dabfd53d1243">
      <Execution id="fa8853fa-caff-4564-95ca-c5258dd1a11d" />
      <TestMethod codeBase="C:\blazaro\AplicacionComprobantePago\ComprobantePago\ComprobantePago.Tests\bin\Debug\net8.0\ComprobantePago.Tests.dll" adapterTypeName="executor://xunit/VsTestRunner2/netcoreapp" className="ComprobantePago.Tests.HU03.CA01_ValidacionDetraccionTests" name="SinDetraccion_PorcentajeFueraRango_NoSeValida" />
    </UnitTest>
    <UnitTest name="ComprobantePago.Tests.HU02.CA04_ValidacionImputacionTests.Validar_DescripcionCuentaSuperaMaximo_Falla" storage="c:\blazaro\aplicacioncomprobantepago\comprobantepago\comprobantepago.tests\bin\debug\net8.0\comprobantepago.tests.dll" id="7da66a52-0198-fa30-313e-6020d930499b">
      <Execution id="94dc1db5-c4a7-4e89-855b-b143df7f8639" />
      <TestMethod codeBase="C:\blazaro\AplicacionComprobantePago\ComprobantePago\ComprobantePago.Tests\bin\Debug\net8.0\ComprobantePago.Tests.dll" adapterTypeName="executor://xunit/VsTestRunner2/netcoreapp" className="ComprobantePago.Tests.HU02.CA04_ValidacionImputacionTests" name="Validar_DescripcionCuentaSuperaMaximo_Falla" />
    </UnitTest>
    <UnitTest name="ComprobantePago.Tests.HU02.CA02_CamposObligatoriosTests.Validar_FechaEmisionVacia_Falla" storage="c:\blazaro\aplicacioncomprobantepago\comprobantepago\comprobantepago.tests\bin\debug\net8.0\comprobantepago.tests.dll" id="1dc46ec3-d79d-b53f-6757-36f8eccd3b58">
      <Execution id="8ffd5061-30aa-43d5-98d5-f4b248baf69b" />
      <TestMethod codeBase="C:\blazaro\AplicacionComprobantePago\ComprobantePago\ComprobantePago.Tests\bin\Debug\net8.0\ComprobantePago.Tests.dll" adapterTypeName="executor://xunit/VsTestRunner2/netcoreapp" className="ComprobantePago.Tests.HU02.CA02_CamposObligatoriosTests" name="Validar_FechaEmisionVacia_Falla" />
    </UnitTest>
    <UnitTest name="ComprobantePago.Tests.HU01.CA03_AlertaComprobanteDadoDeBajaTests.ValidarXml_CuandoComprobanteDadoDeBaja_NoGeneraFolio" storage="c:\blazaro\aplicacioncomprobantepago\comprobantepago\comprobantepago.tests\bin\debug\net8.0\comprobantepago.tests.dll" id="527e021f-9b13-748a-ebe4-08761cf23cae">
      <Execution id="00a251f2-f3af-402e-8eea-1bffc82dd045" />
      <TestMethod codeBase="C:\blazaro\AplicacionComprobantePago\ComprobantePago\ComprobantePago.Tests\bin\Debug\net8.0\ComprobantePago.Tests.dll" adapterTypeName="executor://xunit/VsTestRunner2/netcoreapp" className="ComprobantePago.Tests.HU01.CA03_AlertaComprobanteDadoDeBajaTests" name="ValidarXml_CuandoComprobanteDadoDeBaja_NoGeneraFolio" />
    </UnitTest>
    <UnitTest name="ComprobantePago.Tests.HU02.CA03_FacturacionManualTests.GuardarManual_ConFolioExistente_ActualizaSinCrearDuplicado" storage="c:\blazaro\aplicacioncomprobantepago\comprobantepago\comprobantepago.tests\bin\debug\net8.0\comprobantepago.tests.dll" id="4a93f0aa-d9f2-1cd1-583f-133f0035fb6e">
      <Execution id="8701c3f1-d1ba-4f67-bcba-64f9da26baba" />
      <TestMethod codeBase="C:\blazaro\AplicacionComprobantePago\ComprobantePago\ComprobantePago.Tests\bin\Debug\net8.0\ComprobantePago.Tests.dll" adapterTypeName="executor://xunit/VsTestRunner2/netcoreapp" className="ComprobantePago.Tests.HU02.CA03_FacturacionManualTests" name="GuardarManual_ConFolioExistente_ActualizaSinCrearDuplicado" />
    </UnitTest>
    <UnitTest name="ComprobantePago.Tests.HU03.CA01_ValidacionDetraccionTests.ConDetraccion_MontoCero_Pasa" storage="c:\blazaro\aplicacioncomprobantepago\comprobantepago\comprobantepago.tests\bin\debug\net8.0\comprobantepago.tests.dll" id="742ded9e-5602-b3c9-5dfb-b4a8be6c02f6">
      <Execution id="c104096b-83c6-416b-a29d-78465c67ce74" />
      <TestMethod codeBase="C:\blazaro\AplicacionComprobantePago\ComprobantePago\ComprobantePago.Tests\bin\Debug\net8.0\ComprobantePago.Tests.dll" adapterTypeName="executor://xunit/VsTestRunner2/netcoreapp" className="ComprobantePago.Tests.HU03.CA01_ValidacionDetraccionTests" name="ConDetraccion_MontoCero_Pasa" />
    </UnitTest>
    <UnitTest name="ComprobantePago.Tests.HU01.CA04_GeneracionFolioTests.GenerarFolio_IncremntaCorrelativamente_CuandaYaExistenComprobantes" storage="c:\blazaro\aplicacioncomprobantepago\comprobantepago\comprobantepago.tests\bin\debug\net8.0\comprobantepago.tests.dll" id="6e60a625-41f7-a69e-c8b1-c9728c5ecd2f">
      <Execution id="cb4abb51-1759-461a-ab4d-23cf2fe47649" />
      <TestMethod codeBase="C:\blazaro\AplicacionComprobantePago\ComprobantePago\ComprobantePago.Tests\bin\Debug\net8.0\ComprobantePago.Tests.dll" adapterTypeName="executor://xunit/VsTestRunner2/netcoreapp" className="ComprobantePago.Tests.HU01.CA04_GeneracionFolioTests" name="GenerarFolio_IncremntaCorrelativamente_CuandaYaExistenComprobantes" />
    </UnitTest>
    <UnitTest name="ComprobantePago.Tests.HU03.CA03_EditarEliminarImputacionTests.EditarImputacion_RegistraUsuarioActualizacion" storage="c:\blazaro\aplicacioncomprobantepago\comprobantepago\comprobantepago.tests\bin\debug\net8.0\comprobantepago.tests.dll" id="4e120333-299d-a506-0a44-415a3080dd29">
      <Execution id="0d3e610f-7621-40e0-8abb-1f374c400bff" />
      <TestMethod codeBase="C:\blazaro\AplicacionComprobantePago\ComprobantePago\ComprobantePago.Tests\bin\Debug\net8.0\ComprobantePago.Tests.dll" adapterTypeName="executor://xunit/VsTestRunner2/netcoreapp" className="ComprobantePago.Tests.HU03.CA03_EditarEliminarImputacionTests" name="EditarImputacion_RegistraUsuarioActualizacion" />
    </UnitTest>
    <UnitTest name="ComprobantePago.Tests.HU01.CA01_ValidacionAutomaticaSunatTests.ValidarXml_AceptaTiposDeDocumentoPermitidos(tipoDoc: &quot;07&quot;, serie: &quot;FC01&quot;, descripcion: &quot;Nota de crédito&quot;)" storage="c:\blazaro\aplicacioncomprobantepago\comprobantepago\comprobantepago.tests\bin\debug\net8.0\comprobantepago.tests.dll" id="c2f59b63-65a1-6c47-010b-58ebdf8195b2">
      <Execution id="cf4e3d94-df4c-411c-afe7-e0d0011f5d15" />
      <TestMethod codeBase="C:\blazaro\AplicacionComprobantePago\ComprobantePago\ComprobantePago.Tests\bin\Debug\net8.0\ComprobantePago.Tests.dll" adapterTypeName="executor://xunit/VsTestRunner2/netcoreapp" className="ComprobantePago.Tests.HU01.CA01_ValidacionAutomaticaSunatTests" name="ValidarXml_AceptaTiposDeDocumentoPermitidos" />
    </UnitTest>
    <UnitTest name="ComprobantePago.Tests.HU02.CA02_CamposObligatoriosTests.Validar_RazonSocialVacia_Falla" storage="c:\blazaro\aplicacioncomprobantepago\comprobantepago\comprobantepago.tests\bin\debug\net8.0\comprobantepago.tests.dll" id="d5b3692c-0732-7e3d-70d4-cc417b20fa74">
      <Execution id="768935dc-b6c4-4470-a202-4672560dfb24" />
      <TestMethod codeBase="C:\blazaro\AplicacionComprobantePago\ComprobantePago\ComprobantePago.Tests\bin\Debug\net8.0\ComprobantePago.Tests.dll" adapterTypeName="executor://xunit/VsTestRunner2/netcoreapp" className="ComprobantePago.Tests.HU02.CA02_CamposObligatoriosTests" name="Validar_RazonSocialVacia_Falla" />
    </UnitTest>
    <UnitTest name="ComprobantePago.Tests.HU01.CA02_AlertaDocumentoNoValidadoTests.ValidarXml_CuandoFallaConexionSunat_RetornaError" storage="c:\blazaro\aplicacioncomprobantepago\comprobantepago\comprobantepago.tests\bin\debug\net8.0\comprobantepago.tests.dll" id="f0b5f313-3f45-5a3c-aaac-403650d79ae7">
      <Execution id="6d6af6a0-18e7-464d-8366-09df132e3397" />
      <TestMethod codeBase="C:\blazaro\AplicacionComprobantePago\ComprobantePago\ComprobantePago.Tests\bin\Debug\net8.0\ComprobantePago.Tests.dll" adapterTypeName="executor://xunit/VsTestRunner2/netcoreapp" className="ComprobantePago.Tests.HU01.CA02_AlertaDocumentoNoValidadoTests" name="ValidarXml_CuandoFallaConexionSunat_RetornaError" />
    </UnitTest>
    <UnitTest name="ComprobantePago.Tests.HU03.CA01_ValidacionDetraccionTests.ConDetraccion_PorcentajeFueraDeRango_Falla(porcentaje: -1)" storage="c:\blazaro\aplicacioncomprobantepago\comprobantepago\comprobantepago.tests\bin\debug\net8.0\comprobantepago.tests.dll" id="4d8848f5-44d1-9d45-cbaa-c0da516005dc">
      <Execution id="305c10f1-5138-453c-880c-6080c5bdc2f8" />
      <TestMethod codeBase="C:\blazaro\AplicacionComprobantePago\ComprobantePago\ComprobantePago.Tests\bin\Debug\net8.0\ComprobantePago.Tests.dll" adapterTypeName="executor://xunit/VsTestRunner2/netcoreapp" className="ComprobantePago.Tests.HU03.CA01_ValidacionDetraccionTests" name="ConDetraccion_PorcentajeFueraDeRango_Falla" />
    </UnitTest>
    <UnitTest name="ComprobantePago.Tests.HU02.CA02_CamposObligatoriosTests.Validar_RucConLongitudIncorrecta_Falla(ruc: &quot;2020601841&quot;)" storage="c:\blazaro\aplicacioncomprobantepago\comprobantepago\comprobantepago.tests\bin\debug\net8.0\comprobantepago.tests.dll" id="74bf3783-6fc1-c90e-88a3-c7b0ac319d91">
      <Execution id="27323c0e-4981-4dc8-940d-e5d73737c507" />
      <TestMethod codeBase="C:\blazaro\AplicacionComprobantePago\ComprobantePago\ComprobantePago.Tests\bin\Debug\net8.0\ComprobantePago.Tests.dll" adapterTypeName="executor://xunit/VsTestRunner2/netcoreapp" className="ComprobantePago.Tests.HU02.CA02_CamposObligatoriosTests" name="Validar_RucConLongitudIncorrecta_Falla" />
    </UnitTest>
    <UnitTest name="ComprobantePago.Tests.HU01.CA02_AlertaDocumentoNoValidadoTests.ValidarZip_CuandoSunatNoEncuentraComprobante_NoGeneraFolio" storage="c:\blazaro\aplicacioncomprobantepago\comprobantepago\comprobantepago.tests\bin\debug\net8.0\comprobantepago.tests.dll" id="d7a8a645-27ff-cada-176b-081dad9c5361">
      <Execution id="97f288fe-4162-4549-b597-9068dfbc48d3" />
      <TestMethod codeBase="C:\blazaro\AplicacionComprobantePago\ComprobantePago\ComprobantePago.Tests\bin\Debug\net8.0\ComprobantePago.Tests.dll" adapterTypeName="executor://xunit/VsTestRunner2/netcoreapp" className="ComprobantePago.Tests.HU01.CA02_AlertaDocumentoNoValidadoTests" name="ValidarZip_CuandoSunatNoEncuentraComprobante_NoGeneraFolio" />
    </UnitTest>
    <UnitTest name="ComprobantePago.Tests.HU02.CA01_ExtraccionDatosXmlTests.LeerXml_ExtraeRucProveedor" storage="c:\blazaro\aplicacioncomprobantepago\comprobantepago\comprobantepago.tests\bin\debug\net8.0\comprobantepago.tests.dll" id="81118a81-6c47-8a0c-7897-46a976c3d2e2">
      <Execution id="7e2c0211-af72-46b6-9321-7fea681b9848" />
      <TestMethod codeBase="C:\blazaro\AplicacionComprobantePago\ComprobantePago\ComprobantePago.Tests\bin\Debug\net8.0\ComprobantePago.Tests.dll" adapterTypeName="executor://xunit/VsTestRunner2/netcoreapp" className="ComprobantePago.Tests.HU02.CA01_ExtraccionDatosXmlTests" name="LeerXml_ExtraeRucProveedor" />
    </UnitTest>
    <UnitTest name="ComprobantePago.Tests.HU01.CA02_AlertaDocumentoNoValidadoTests.ValidarZip_SinXmlInterno_RetornaErrorSinLlamarSunat" storage="c:\blazaro\aplicacioncomprobantepago\comprobantepago\comprobantepago.tests\bin\debug\net8.0\comprobantepago.tests.dll" id="8d6670c2-31c1-6c8d-731e-e6c42ec9c36d">
      <Execution id="a1186421-36c8-4cbb-9a66-ede3e821eda7" />
      <TestMethod codeBase="C:\blazaro\AplicacionComprobantePago\ComprobantePago\ComprobantePago.Tests\bin\Debug\net8.0\ComprobantePago.Tests.dll" adapterTypeName="executor://xunit/VsTestRunner2/netcoreapp" className="ComprobantePago.Tests.HU01.CA02_AlertaDocumentoNoValidadoTests" name="ValidarZip_SinXmlInterno_RetornaErrorSinLlamarSunat" />
    </UnitTest>
    <UnitTest name="ComprobantePago.Tests.HU01.CA03_AlertaComprobanteDadoDeBajaTests.ValidarZip_CuandoComprobanteDadoDeBaja_NoGeneraFolio" storage="c:\blazaro\aplicacioncomprobantepago\comprobantepago\comprobantepago.tests\bin\debug\net8.0\comprobantepago.tests.dll" id="4ac1a86e-e68c-2a78-9bbe-50b0d2c97797">
      <Execution id="8e810aaa-94c9-4b0d-81d7-24d534d53627" />
      <TestMethod codeBase="C:\blazaro\AplicacionComprobantePago\ComprobantePago\ComprobantePago.Tests\bin\Debug\net8.0\ComprobantePago.Tests.dll" adapterTypeName="executor://xunit/VsTestRunner2/netcoreapp" className="ComprobantePago.Tests.HU01.CA03_AlertaComprobanteDadoDeBajaTests" name="ValidarZip_CuandoComprobanteDadoDeBaja_NoGeneraFolio" />
    </UnitTest>
    <UnitTest name="ComprobantePago.Tests.HU01.CA04_GeneracionFolioTests.GenerarFolio_ContieneMesActualConDosDigitos" storage="c:\blazaro\aplicacioncomprobantepago\comprobantepago\comprobantepago.tests\bin\debug\net8.0\comprobantepago.tests.dll" id="bb6480e4-9d63-bec0-2377-91ee4f871968">
      <Execution id="0f1fdebb-3f3a-4e7d-9c5e-00e92319d90a" />
      <TestMethod codeBase="C:\blazaro\AplicacionComprobantePago\ComprobantePago\ComprobantePago.Tests\bin\Debug\net8.0\ComprobantePago.Tests.dll" adapterTypeName="executor://xunit/VsTestRunner2/netcoreapp" className="ComprobantePago.Tests.HU01.CA04_GeneracionFolioTests" name="GenerarFolio_ContieneMesActualConDosDigitos" />
    </UnitTest>
    <UnitTest name="ComprobantePago.Tests.HU01.CA03_AlertaComprobanteDadoDeBajaTests.ValidarXml_CuandoComprobanteDadoDeBaja_ExitoEsFalso" storage="c:\blazaro\aplicacioncomprobantepago\comprobantepago\comprobantepago.tests\bin\debug\net8.0\comprobantepago.tests.dll" id="40cd0fdd-6bad-bf99-8581-b493594070f4">
      <Execution id="6fa147f6-df4b-41c6-9746-2fc8467873e5" />
      <TestMethod codeBase="C:\blazaro\AplicacionComprobantePago\ComprobantePago\ComprobantePago.Tests\bin\Debug\net8.0\ComprobantePago.Tests.dll" adapterTypeName="executor://xunit/VsTestRunner2/netcoreapp" className="ComprobantePago.Tests.HU01.CA03_AlertaComprobanteDadoDeBajaTests" name="ValidarXml_CuandoComprobanteDadoDeBaja_ExitoEsFalso" />
    </UnitTest>
    <UnitTest name="ComprobantePago.Tests.HU02.CA02_CamposObligatoriosTests.Validar_TipoSunatVacio_Falla" storage="c:\blazaro\aplicacioncomprobantepago\comprobantepago\comprobantepago.tests\bin\debug\net8.0\comprobantepago.tests.dll" id="f61600fd-1597-dfdf-17b7-8fcc0313cb51">
      <Execution id="5aacbb99-d433-4d55-aff8-b97d382ec905" />
      <TestMethod codeBase="C:\blazaro\AplicacionComprobantePago\ComprobantePago\ComprobantePago.Tests\bin\Debug\net8.0\ComprobantePago.Tests.dll" adapterTypeName="executor://xunit/VsTestRunner2/netcoreapp" className="ComprobantePago.Tests.HU02.CA02_CamposObligatoriosTests" name="Validar_TipoSunatVacio_Falla" />
    </UnitTest>
    <UnitTest name="ComprobantePago.Tests.HU02.CA03_FacturacionManualTests.GuardarManual_AceptaTiposDeComprobanteInterno(tipoDocumento: &quot;RP&quot;, descripcion: &quot;Recibo de agua/luz/teléfono&quot;)" storage="c:\blazaro\aplicacioncomprobantepago\comprobantepago\comprobantepago.tests\bin\debug\net8.0\comprobantepago.tests.dll" id="d886b68b-6257-cdc9-417a-b1c8b3b57218">
      <Execution id="842b6106-a5ec-44d8-a7f2-b5bd152f2224" />
      <TestMethod codeBase="C:\blazaro\AplicacionComprobantePago\ComprobantePago\ComprobantePago.Tests\bin\Debug\net8.0\ComprobantePago.Tests.dll" adapterTypeName="executor://xunit/VsTestRunner2/netcoreapp" className="ComprobantePago.Tests.HU02.CA03_FacturacionManualTests" name="GuardarManual_AceptaTiposDeComprobanteInterno" />
    </UnitTest>
    <UnitTest name="ComprobantePago.Tests.HU03.CA01_ValidacionDetraccionTests.ConDetraccion_MontoNegativo_Falla" storage="c:\blazaro\aplicacioncomprobantepago\comprobantepago\comprobantepago.tests\bin\debug\net8.0\comprobantepago.tests.dll" id="05748816-c40c-bcd6-6f4d-636cf70c3a5f">
      <Execution id="4f059687-4ef5-471e-9e84-3ee86c27660b" />
      <TestMethod codeBase="C:\blazaro\AplicacionComprobantePago\ComprobantePago\ComprobantePago.Tests\bin\Debug\net8.0\ComprobantePago.Tests.dll" adapterTypeName="executor://xunit/VsTestRunner2/netcoreapp" className="ComprobantePago.Tests.HU03.CA01_ValidacionDetraccionTests" name="ConDetraccion_MontoNegativo_Falla" />
    </UnitTest>
    <UnitTest name="ComprobantePago.Tests.HU01.CA01_ValidacionAutomaticaSunatTests.ValidarZip_CuandoSunatAcepta_RetornaFolioGenerado" storage="c:\blazaro\aplicacioncomprobantepago\comprobantepago\comprobantepago.tests\bin\debug\net8.0\comprobantepago.tests.dll" id="fefc390a-1cdd-e5d1-d335-2f6621693635">
      <Execution id="7f2ae03f-2a7f-44bd-8370-8b7c4c3624ba" />
      <TestMethod codeBase="C:\blazaro\AplicacionComprobantePago\ComprobantePago\ComprobantePago.Tests\bin\Debug\net8.0\ComprobantePago.Tests.dll" adapterTypeName="executor://xunit/VsTestRunner2/netcoreapp" className="ComprobantePago.Tests.HU01.CA01_ValidacionAutomaticaSunatTests" name="ValidarZip_CuandoSunatAcepta_RetornaFolioGenerado" />
    </UnitTest>
    <UnitTest name="ComprobantePago.Tests.HU03.CA01_ValidacionDetraccionTests.ConDetraccion_PorcentajeDentroDeRango_Pasa(porcentaje: 4)" storage="c:\blazaro\aplicacioncomprobantepago\comprobantepago\comprobantepago.tests\bin\debug\net8.0\comprobantepago.tests.dll" id="f0e1c25a-1587-c392-6f86-2e5da2c25010">
      <Execution id="765f0fb9-d2e1-4050-9fea-8ce10b157a15" />
[...]
    </UnitTest>
    <UnitTest name="ComprobantePago.Tests.HU02.CA02_CamposObligatoriosTests.Validar_RucVacio_FallaConMensaje" storage="c:\blazaro\aplicacioncomprobantepago\comprobantepago\comprobantepago.tests\bin\debug\net8.0\comprobantepago.tests.dll" id="d3863f3c-d514-28e6-a43f-d65390cdcf8b">
      <Execution id="d331bcec-8660-4a91-8be4-400410dd0f56" />
      <TestMethod codeBase="C:\blazaro\AplicacionComprobantePago\ComprobantePago\ComprobantePago.Tests\bin\Debug\net8.0\ComprobantePago.Tests.dll" adapterTypeName="executor://xunit/VsTestRunner2/netcoreapp" className="ComprobantePago.Tests.HU02.CA02_CamposObligatoriosTests" name="Validar_RucVacio_FallaConMensaje" />
    </UnitTest>
    <UnitTest name="ComprobantePago.Tests.HU02.CA03_FacturacionManualTests.GuardarManual_AceptaTiposDeComprobanteInterno(tipoDocumento: &quot;RH&quot;, descripcion: &quot;Recibo por honorarios&quot;)" storage="c:\blazaro\aplicacioncomprobantepago\comprobantepago\comprobantepago.tests\bin\debug\net8.0\comprobantepago.tests.dll" id="d3ac4111-e3bb-bf79-104e-b7a2c13a42a3">
      <Execution id="5cd7b92a-53e7-4f44-862a-b9091bc1129d" />
      <TestMethod codeBase="C:\blazaro\AplicacionComprobantePago\ComprobantePago\ComprobantePago.Tests\bin\Debug\net8.0\ComprobantePago.Tests.dll" adapterTypeName="executor://xunit/VsTestRunner2/netcoreapp" className="ComprobantePago.Tests.HU02.CA03_FacturacionManualTests" name="GuardarManual_AceptaTiposDeComprobanteInterno" />
    </UnitTest>
  </TestDefinitions>
  <TestEntries>
    <TestEntry testId="af985848-1500-6db7-2620-390311c32f8b" executionId="4a1dfdd6-4a51-4333-a7ab-26e1069e985b" testListId="8c84fa94-04c1-424b-9868-57a2d4851a1d" />
    <TestEntry testId="7db68d7a-2162-1a17-64c9-6a1f6ad9de1d" executionId="28bf8e61-1b03-4030-94bf-3b9483fe787b" testListId="8c84fa94-04c1-424b-9868-57a2d4851a1d" />
    <TestEntry testId="e3f42080-a129-a93d-616e-3882640cb928" executionId="0a67ec86-c05a-443d-80f0-142f90f1697b" testListId="8c84fa94-04c1-424b-9868-57a2d4851a1d" />
    <TestEntry testId="d5b3692c-0732-7e3d-70d4-cc417b20fa74" executionId="768935dc-b6c4-4470-a202-4672560dfb24" testListId="8c84fa94-04c1-424b-9868-57a2d4851a1d" />
    <TestEntry testId="0d88e95a-55d5-f1c4-7cac-ee779b7d9af2" executionId="07c358ee-2453-461c-9d38-625412b80bc5" testListId="8c84fa94-04c1-424b-9868-57a2d4851a1d" />
    <TestEntry testId="340219e2-d434-d791-0c44-fab065b49896" executionId="54899483-713e-457e-a1e2-4dac97a930ec" testListId="8c84fa94-04c1-424b-9868-57a2d4851a1d" />
    <TestEntry testId="7c0450e6-7a55-63fa-1f30-e37ae27ac0b4" executionId="1db68a6d-6138-42df-8e13-bf872d6552ad" testListId="8c84fa94-04c1-424b-9868-57a2d4851a1d" />
    <TestEntry testId="fcb3e288-c8d0-cead-ec8c-2cf540c73ab4" executionId="a51be040-0053-494f-900f-9631b67d3fc9" testListId="8c84fa94-04c1-424b-9868-57a2d4851a1d" />
    <TestEntry testId="8d6670c2-31c1-6c8d-731e-e6c42ec9c36d" executionId="a1186421-36c8-4cbb-9a66-ede3e821eda7" testListId="8c84fa94-04c1-424b-9868-57a2d4851a1d" />
    <TestEntry testId="f0e1c25a-1587-c392-6f86-2e5da2c25010" executionId="765f0fb9-d2e1-4050-9fea-8ce10b157a15" testListId="8c84fa94-04c1-424b-9868-57a2d4851a1d" />
    <TestEntry testId="9a4e614b-0122-223c-c897-d8284a2185b5" executionId="a56b76fe-fe41-4d70-96b2-fc45ce76b6d8" testListId="8c84fa94-04c1-424b-9868-57a2d4851a1d" />
    <TestEntry testId="3d82f3fd-4a5f-3242-776f-d678c14fee53" executionId="059b0372-57f5-49cb-8dc7-592fcfcfd42e" testListId="8c84fa94-04c1-424b-9868-57a2d4851a1d" />
    <TestEntry testId="05748816-c40c-bcd6-6f4d-636cf70c3a5f" executionId="4f059687-4ef5-471e-9e84-3ee86c27660b" testListId="8c84fa94-04c1-424b-9868-57a2d4851a1d" />
    <TestEntry testId="ed146f86-c1f8-3b75-5876-5e3af4152194" executionId="5ecb4f57-52fd-4172-b931-58c80644817b" testListId="8c84fa94-04c1-424b-9868-57a2d4851a1d" />
    <TestEntry testId="03e8fa6c-92dd-c639-4a81-81be38938143" executionId="be4a6563-a1eb-4e63-8db4-e2aa4337a241" testListId="8c84fa94-04c1-424b-9868-57a2d4851a1d" />
    <TestEntry testId="389a0bf2-9525-6a5b-9032-fb777d00197b" executionId="a506ba19-a85e-4398-b663-1b2d08fbcb98" testListId="8c84fa94-04c1-424b-9868-57a2d4851a1d" />
    <TestEntry testId="92e450d1-c781-907c-eadd-1de7dc13eaef" executionId="c89c1d05-411c-4eb9-b37b-d0b8f27a5fde" testListId="8c84fa94-04c1-424b-9868-57a2d4851a1d" />
    <TestEntry testId="899b0d3a-379c-414a-b120-5641e0057ced" executionId="71d5b4b0-66ff-4413-9f54-c3109a8cd0f1" testListId="8c84fa94-04c1-424b-9868-57a2d4851a1d" />
    <TestEntry testId="fb973cbd-267c-8fbd-94d1-386432339cda" executionId="5a8b819d-1eea-4b86-a763-1554a6152f01" testListId="8c84fa94-04c1-424b-9868-57a2d4851a1d" />
    <TestEntry testId="0abd8c03-5ebc-ff57-956b-95f8fe258489" executionId="6e4811a1-10bf-40db-bd6e-5f470ce3622f" testListId="8c84fa94-04c1-424b-9868-57a2d4851a1d" />
    <TestEntry testId="d7a8a645-27ff-cada-176b-081dad9c5361" executionId="97f288fe-4162-4549-b597-9068dfbc48d3" testListId="8c84fa94-04c1-424b-9868-57a2d4851a1d" />
    <TestEntry testId="fe98577a-c76b-1315-3164-29412cb80824" executionId="dff69c75-85a2-4671-adfe-9c1ee102794e" testListId="8c84fa94-04c1-424b-9868-57a2d4851a1d" />
    <TestEntry testId="6e537407-ec44-094f-3591-7ef791a8e0d2" executionId="b93edd16-944d-4395-b83f-f5a8af26e6e7" testListId="8c84fa94-04c1-424b-9868-57a2d4851a1d" />
    <TestEntry testId="d95bf0b2-b428-c665-bb00-214b00ecbc3a" executionId="9e832375-ab0a-4f45-956a-0d0d6d0c7925" testListId="8c84fa94-04c1-424b-9868-57a2d4851a1d" />
    <TestEntry testId="c2f59b63-65a1-6c47-010b-58ebdf8195b2" executionId="cf4e3d94-df4c-411c-afe7-e0d0011f5d15" testListId="8c84fa94-04c1-424b-9868-57a2d4851a1d" />
    <TestEntry testId="81292063-db4b-a393-0745-43e48e5ba6ee" executionId="448836d8-1857-4be9-8d6c-fc467a120c40" testListId="8c84fa94-04c1-424b-9868-57a2d4851a1d" />
    <TestEntry testId="4a93f0aa-d9f2-1cd1-583f-133f0035fb6e" executionId="8701c3f1-d1ba-4f67-bcba-64f9da26baba" testListId="8c84fa94-04c1-424b-9868-57a2d4851a1d" />
    <TestEntry testId="dfd7a954-6540-e13c-e200-cf790e92a9d2" executionId="68c87552-4deb-4fba-998a-ae0744ca92ed" testListId="8c84fa94-04c1-424b-9868-57a2d4851a1d" />
    <TestEntry testId="fefc390a-1cdd-e5d1-d335-2f6621693635" executionId="7f2ae03f-2a7f-44bd-8370-8b7c4c3624ba" testListId="8c84fa94-04c1-424b-9868-57a2d4851a1d" />
    <TestEntry testId="f4da8690-f0b7-4094-e1ec-c21a68e9ae7a" executionId="0c09c604-60f5-4743-9133-29fd761e7eec" testListId="8c84fa94-04c1-424b-9868-57a2d4851a1d" />
    <TestEntry testId="a16140d9-7686-5e9b-7b50-9e2b1b994d3b" executionId="5dd95810-3443-41ab-9fcd-99a60fc0f9f1" testListId="8c84fa94-04c1-424b-9868-57a2d4851a1d" />
    <TestEntry testId="84be820b-6040-a3e1-e337-1274bd94aff1" executionId="540888af-99ac-4280-bcb9-3ddfa6fe6092" testListId="8c84fa94-04c1-424b-9868-57a2d4851a1d" />
    <TestEntry testId="84d8b24e-2b72-44c3-1a77-3bf234c33c1f" executionId="e2194cc3-762c-4f96-be3f-9d726014c1bc" testListId="8c84fa94-04c1-424b-9868-57a2d4851a1d" />
    <TestEntry testId="742ded9e-5602-b3c9-5dfb-b4a8be6c02f6" executionId="c104096b-83c6-416b-a29d-78465c67ce74" testListId="8c84fa94-04c1-424b-9868-57a2d4851a1d" />
    <TestEntry testId="4f9a55e5-93e9-78a9-c629-3597b801785c" executionId="db8abdbf-42b3-41fa-8e4d-4758349e0ec0" testListId="8c84fa94-04c1-424b-9868-57a2d4851a1d" />
    <TestEntry testId="90756bab-67c7-de68-3521-6af11f05b6ba" executionId="fb2599f0-9f7a-461e-9385-78d0d2395626" testListId="8c84fa94-04c1-424b-9868-57a2d4851a1d" />
    <TestEntry testId="3787595c-430b-6949-81f1-e91abd9d54be" executionId="724464bc-591d-4b4f-a745-990fc605a5c7" testListId="8c84fa94-04c1-424b-9868-57a2d4851a1d" />
    <TestEntry testId="50d8bef0-11ca-a75b-4d32-cf189e93a7e3" executionId="9ee4e008-4ccc-4b3d-8017-90e9f32d3406" testListId="8c84fa94-04c1-424b-9868-57a2d4851a1d" />
    <TestEntry testId="b33069ad-708e-c2bf-acbe-ed8dcd66f15c" executionId="872a1b6b-b161-4d26-bb66-1a2b0ddbb957" testListId="8c84fa94-04c1-424b-9868-57a2d4851a1d" />
    <TestEntry testId="81118a81-6c47-8a0c-7897-46a976c3d2e2" executionId="7e2c0211-af72-46b6-9321-7fea681b9848" testListId="8c84fa94-04c1-424b-9868-57a2d4851a1d" />
    <TestEntry testId="bee68f9d-54b8-654f-22a1-dabfd53d1243" executionId="fa8853fa-caff-4564-95ca-c5258dd1a11d" testListId="8c84fa94-04c1-424b-9868-57a2d4851a1d" />
    <TestEntry testId="1b9bd291-e24f-a5c4-076b-fdb35c79aabe" executionId="a1f1042f-0530-4ac7-9a1e-d3e6c36ccc03" testListId="8c84fa94-04c1-424b-9868-57a2d4851a1d" />
    <TestEntry testId="d886b68b-6257-cdc9-417a-b1c8b3b57218" executionId="842b6106-a5ec-44d8-a7f2-b5bd152f2224" testListId="8c84fa94-04c1-424b-9868-57a2d4851a1d" />
    <TestEntry testId="6acdc7c3-dd94-682a-35e0-dc70331594a5" executionId="1ed5c458-a88f-4339-80e5-753ab53e6955" testListId="8c84fa94-04c1-424b-9868-57a2d4851a1d" />
    <TestEntry testId="56d20427-2768-b51a-1c3e-e722d378b12c" executionId="021a8373-2a6e-469f-ae8d-8eab4899b653" testListId="8c84fa94-04c1-424b-9868-57a2d4851a1d" />
    <TestEntry testId="d3ac4111-e3bb-bf79-104e-b7a2c13a42a3" executionId="5cd7b92a-53e7-4f44-862a-b9091bc1129d" testListId="8c84fa94-04c1-424b-9868-57a2d4851a1d" />
    <TestEntry testId="6e60a625-41f7-a69e-c8b1-c9728c5ecd2f" executionId="cb4abb51-1759-461a-ab4d-23cf2fe47649" testListId="8c84fa94-04c1-424b-9868-57a2d4851a1d" />
    <TestEntry testId="fe273b18-f5ca-ae54-2030-79c7db073f10" executionId="7c4d1c6c-7688-442a-869e-8e82734bd956" testListId="8c84fa94-04c1-424b-9868-57a2d4851a1d" />
    <TestEntry testId="1387dee8-0c93-3d16-5d90-67b5eb1e954a" executionId="e45ec111-5b62-470d-97c3-bf1c9cc5f4f8" testListId="8c84fa94-04c1-424b-9868-57a2d4851a1d" />
    <TestEntry testId="dc318268-7f21-5a1b-92a8-f0dbfaa5a42f" executionId="1bfb09c4-63d0-4974-8c83-1309d1a8c0d4" testListId="8c84fa94-04c1-424b-9868-57a2d4851a1d" />
    <TestEntry testId="42f474f3-df50-e31f-4143-7f04bd29da13" executionId="44b3fcd4-8b86-4e17-bc42-e8e056b082df" testListId="8c84fa94-04c1-424b-9868-57a2d4851a1d" />
    <TestEntry testId="daaa1b9d-1a5f-29fc-6f1e-13723bcbd29f" executionId="ff799265-8c0b-4eec-a641-904547f48a6b" testListId="8c84fa94-04c1-424b-9868-57a2d4851a1d" />
    <TestEntry testId="08f5d51d-59e4-b8de-caaf-6cccf9d25dcf" executionId="808d90cf-adb1-49e7-816e-5cee0ca040c8" testListId="8c84fa94-04c1-424b-9868-57a2d4851a1d" />
    <TestEntry testId="0b86b4c0-b8d9-2812-9b23-60b69914be93" executionId="18802d5b-36aa-407e-bb38-e31ee08a8abe" testListId="8c84fa94-04c1-424b-9868-57a2d4851a1d" />
    <TestEntry testId="9bee4144-3f36-4b60-e9c5-2615accbb7dd" executionId="d8196780-73c3-4d40-b4f4-1bd909f27a9c" testListId="8c84fa94-04c1-424b-9868-57a2d4851a1d" />
    <TestEntry testId="d81c7915-a9af-3938-1509-059d0c1ba741" executionId="607ab6d9-ee65-468d-93cc-68656c63b652" testListId="8c84fa94-04c1-424b-9868-57a2d4851a1d" />
    <TestEntry testId="bb6480e4-9d63-bec0-2377-91ee4f871968" executionId="0f1fdebb-3f3a-4e7d-9c5e-00e92319d90a" testListId="8c84fa94-04c1-424b-9868-57a2d4851a1d" />
    <TestEntry testId="5ae69a36-b9a0-ad41-0d3d-c1229c0782fe" executionId="d3243078-70bc-489d-af25-94c12d7cea25" testListId="8c84fa94-04c1-424b-9868-57a2d4851a1d" />
    <TestEntry testId="2f0f803f-a671-621a-2531-ca13a1b6c1d8" executionId="13ccdc11-e034-4627-808c-a9bbab98da1e" testListId="8c84fa94-04c1-424b-9868-57a2d4851a1d" />
    <TestEntry testId="96f31a33-d142-77ab-b7f5-9e722087bde4" executionId="1839aede-d615-489d-b473-79718c40b324" testListId="8c84fa94-04c1-424b-9868-57a2d4851a1d" />
    <TestEntry testId="5fa88189-4b6a-d6cd-ae61-d5aebc178d40" executionId="dd4125f8-03e5-4105-ba90-245fd480ba34" testListId="8c84fa94-04c1-424b-9868-57a2d4851a1d" />
    <TestEntry testId="aef56dd8-bb9b-500e-1027-3d7e3869f177" executionId="a7df5d1d-6cf7-4f20-8ff3-b34721082daf" testListId="8c84fa94-04c1-424b-9868-57a2d4851a1d" />
    <TestEntry testId="404afd22-5b51-a46d-189f-c841aa49aa00" executionId="586604a2-ad36-4837-8f07-f7617ea90b44" testListId="8c84fa94-04c1-424b-9868-57a2d4851a1d" />
    <TestEntry testId="947b7b1d-974a-2ae2-43cf-ddcfc4ec4461" executionId="b1b4013e-1390-4e50-874b-29ad81119b8c" testListId="8c84fa94-04c1-424b-9868-57a2d4851a1d" />
    <TestEntry testId="c5ca8015-7745-9ec9-2520-4ef6b2c71003" executionId="b37f8640-43b5-495a-9fb2-ee4aa9f3da4a" testListId="8c84fa94-04c1-424b-9868-57a2d4851a1d" />
    <TestEntry testId="c5572030-4687-7e59-e5bb-d18c2488fb90" executionId="e06bcb33-54f5-4076-a5ae-fcdf058feecc" testListId="8c84fa94-04c1-424b-9868-57a2d4851a1d" />
    <TestEntry testId="5d63a1ec-2359-fff0-ab52-d15a67696824" executionId="45061e92-e9f2-4949-a9dd-ea7ef5437ce7" testListId="8c84fa94-04c1-424b-9868-57a2d4851a1d" />
    <TestEntry testId="8abb5ce2-43ec-2af6-188f-abe3e3ee0f82" executionId="8bdc4d3a-03fa-4f2c-aa65-27393e8ad939" testListId="8c84fa94-04c1-424b-9868-57a2d4851a1d" />
    <TestEntry testId="e7322b52-6a05-daf4-8a91-69f8ef16bbe5" executionId="b513b773-3fd3-41b5-9c14-7acd03775e96" testListId="8c84fa94-04c1-424b-9868-57a2d4851a1d" />
    <TestEntry testId="74bf3783-6fc1-c90e-88a3-c7b0ac319d91" executionId="27323c0e-4981-4dc8-940d-e5d73737c507" testListId="8c84fa94-04c1-424b-9868-57a2d4851a1d" />
    <TestEntry testId="76f5d1ca-61a1-7c9d-1dea-75a0bd36d787" executionId="cc6742ba-7bf6-4ddf-b570-6777c5f52235" testListId="8c84fa94-04c1-424b-9868-57a2d4851a1d" />
    <TestEntry testId="80b11959-4608-4f0e-d4f4-e6817d0804a5" executionId="b4d598b5-f328-4bb1-8466-3d62e0e0eee7" testListId="8c84fa94-04c1-424b-9868-57a2d4851a1d" />
    <TestEntry testId="75c36766-fe91-2a89-b7c0-389d40b66c1b" executionId="4e6fce03-28fc-4814-a4fc-7ea69e9d7786" testListId="8c84fa94-04c1-424b-9868-57a2d4851a1d" />
    <TestEntry testId="3449da85-fdbc-aa3b-7794-70dd7ee30d1c" executionId="64ee964c-ce67-4a59-9635-d174bdd69afd" testListId="8c84fa94-04c1-424b-9868-57a2d4851a1d" />
    <TestEntry testId="1a29d69b-e5bc-11ec-6c81-0dcc80a4dc6c" executionId="2f1c3d1a-fb7d-429e-a7e9-b998a16b88e9" testListId="8c84fa94-04c1-424b-9868-57a2d4851a1d" />
    <TestEntry testId="7da66a52-0198-fa30-313e-6020d930499b" executionId="94dc1db5-c4a7-4e89-855b-b143df7f8639" testListId="8c84fa94-04c1-424b-9868-57a2d4851a1d" />
    <TestEntry testId="1dc46ec3-d79d-b53f-6757-36f8eccd3b58" executionId="8ffd5061-30aa-43d5-98d5-f4b248baf69b" testListId="8c84fa94-04c1-424b-9868-57a2d4851a1d" />
    <TestEntry testId="cb0def2d-dfe7-7d39-1751-b3888ad92bce" executionId="06583c13-8957-4a1f-ac2c-0bb0d12f4212" testListId="8c84fa94-04c1-424b-9868-57a2d4851a1d" />
    <TestEntry testId="8a021058-1f4f-8b07-3a57-57034d623a78" executionId="545dda82-b689-40d4-a178-a4493e1ba849" testListId="8c84fa94-04c1-424b-9868-57a2d4851a1d" />
    <TestEntry testId="08834555-204b-4de3-5218-890cced9d139" executionId="0e58918c-9d02-480f-87fb-8230de17df94" testListId="8c84fa94-04c1-424b-9868-57a2d4851a1d" />
    <TestEntry testId="08e4d827-f67c-ad7d-ac4d-4fcd94db18c4" executionId="0db163b6-7cef-4d71-b541-a806d5f3de74" testListId="8c84fa94-04c1-424b-9868-57a2d4851a1d" />
    <TestEntry testId="03ad11a4-9e9a-2653-325a-ba0e66446563" executionId="92ff9d76-b157-4021-a303-63705247e7a4" testListId="8c84fa94-04c1-424b-9868-57a2d4851a1d" />
    <TestEntry testId="527e021f-9b13-748a-ebe4-08761cf23cae" executionId="00a251f2-f3af-402e-8eea-1bffc82dd045" testListId="8c84fa94-04c1-424b-9868-57a2d4851a1d" />
    <TestEntry testId="947e97c3-f6f7-c329-79e9-7c3044d191a5" executionId="2014c825-11b4-4cd6-9dc2-efbdaccc309a" testListId="8c84fa94-04c1-424b-9868-57a2d4851a1d" />
    <TestEntry testId="7e8a6cfd-c59c-044e-50d3-8387104f136f" executionId="fb565e24-4b1a-4fc7-a374-134d2c709034" testListId="8c84fa94-04c1-424b-9868-57a2d4851a1d" />
    <TestEntry testId="76aafb4a-4a86-86de-80a2-4327489559c3" executionId="8cfc1350-a778-4de0-aa23-99d50fc83027" testListId="8c84fa94-04c1-424b-9868-57a2d4851a1d" />
    <TestEntry testId="78279c45-cfe6-55ec-c516-423e315f9387" executionId="31160f7a-78ca-4731-b9ed-d621b387ed1a" testListId="8c84fa94-04c1-424b-9868-57a2d4851a1d" />
    <TestEntry testId="867e44db-675a-c8c6-bb13-8d1bbd2e2d2e" executionId="7b34285a-cd70-4eed-ae0d-162341a67443" testListId="8c84fa94-04c1-424b-9868-57a2d4851a1d" />
    <TestEntry testId="a92615cc-7165-ec7f-9d77-edfd0fe80660" executionId="3b9d4b27-c086-41da-ba02-37aae38836df" testListId="8c84fa94-04c1-424b-9868-57a2d4851a1d" />
    <TestEntry testId="40cd0fdd-6bad-bf99-8581-b493594070f4" executionId="6fa147f6-df4b-41c6-9746-2fc8467873e5" testListId="8c84fa94-04c1-424b-9868-57a2d4851a1d" />
    <TestEntry testId="4e120333-299d-a506-0a44-415a3080dd29" executionId="0d3e610f-7621-40e0-8abb-1f374c400bff" testListId="8c84fa94-04c1-424b-9868-57a2d4851a1d" />
    <TestEntry testId="f82123ad-ca5e-dec2-25d7-1158b3e7b0a0" executionId="9d2744dd-c98e-46a0-afae-83d2cd7293fd" testListId="8c84fa94-04c1-424b-9868-57a2d4851a1d" />
    <TestEntry testId="1bfef472-6409-0cf6-079b-0cd12e9950ad" executionId="2d7efeec-2792-46da-a2dd-140705ca3c9c" testListId="8c84fa94-04c1-424b-9868-57a2d4851a1d" />
    <TestEntry testId="a676a1a4-e88b-0053-da90-f7178df680bb" executionId="8ae5cb6a-f4eb-4850-8105-4cb1b0d33368" testListId="8c84fa94-04c1-424b-9868-57a2d4851a1d" />
    <TestEntry testId="de6de21c-853e-69e8-c177-921b42430110" executionId="725d5520-8515-4b0d-a771-01e6489bc06f" testListId="8c84fa94-04c1-424b-9868-57a2d4851a1d" />
    <TestEntry testId="0dec76a5-e5aa-52a5-f4b9-b5b96952cdc2" executionId="e54a7151-d789-46d1-bd0f-a1d900a8c166" testListId="8c84fa94-04c1-424b-9868-57a2d4851a1d" />
    <TestEntry testId="d3863f3c-d514-28e6-a43f-d65390cdcf8b" executionId="d331bcec-8660-4a91-8be4-400410dd0f56" testListId="8c84fa94-04c1-424b-9868-57a2d4851a1d" />
    <TestEntry testId="ab2baa25-0505-b216-eba5-85e3b5382be3" executionId="0fd36e59-377d-4657-95a1-ae2bb612c4d5" testListId="8c84fa94-04c1-424b-9868-57a2d4851a1d" />
    <TestEntry testId="f838a30f-e3ba-793b-49a7-80555934261a" executionId="5a5de908-7a4a-4e64-a239-239a99df526a" testListId="8c84fa94-04c1-424b-9868-57a2d4851a1d" />
    <TestEntry testId="493909fe-924b-06d4-5153-0d49ddedef1d" executionId="9f72c598-ff4c-4f3f-9632-670655118939" testListId="8c84fa94-04c1-424b-9868-57a2d4851a1d" />
    <TestEntry testId="b9f680ec-2b2b-3321-03c1-8fff1d9fd624" executionId="4e894224-38c5-48c6-aa7e-dea78a4ba262" testListId="8c84fa94-04c1-424b-9868-57a2d4851a1d" />
    <TestEntry testId="4d8848f5-44d1-9d45-cbaa-c0da516005dc" executionId="305c10f1-5138-453c-880c-6080c5bdc2f8" testListId="8c84fa94-04c1-424b-9868-57a2d4851a1d" />
    <TestEntry testId="f0b5f313-3f45-5a3c-aaac-403650d79ae7" executionId="6d6af6a0-18e7-464d-8366-09df132e3397" testListId="8c84fa94-04c1-424b-9868-57a2d4851a1d" />
    <TestEntry testId="f61600fd-1597-dfdf-17b7-8fcc0313cb51" executionId="5aacbb99-d433-4d55-aff8-b97d382ec905" testListId="8c84fa94-04c1-424b-9868-57a2d4851a1d" />
    <TestEntry testId="4ac1a86e-e68c-2a78-9bbe-50b0d2c97797" executionId="8e810aaa-94c9-4b0d-81d7-24d534d53627" testListId="8c84fa94-04c1-424b-9868-57a2d4851a1d" />
  </TestEntries>
  <TestLists>
    <TestList name="Resultados sin formato de lista" id="8c84fa94-04c1-424b-9868-57a2d4851a1d" />
    <TestList name="Todos los resultados cargados" id="19431567-8539-422a-85d7-44ee4e166bda" />
  </TestLists>
  <ResultSummary outcome="Completed">
    <Counters total="105" executed="105" passed="105" failed="0" error="0" timeout="0" aborted="0" inconclusive="0" passedButRunAborted="0" notRunnable="0" notExecuted="0" disconnected="0" warning="0" completed="0" inProgress="0" pending="0" />
    <Output>
      <StdOut>[xUnit.net 00:00:00.00] xUnit.net VSTest Adapter v2.5.7+8f2703126a (64-bit .NET 8.0.17)&#xD;
[xUnit.net 00:00:00.06]   Discovering: ComprobantePago.Tests&#xD;
[xUnit.net 00:00:00.10]   Discovered:  ComprobantePago.Tests&#xD;
[xUnit.net 00:00:00.10]   Starting:    ComprobantePago.Tests&#xD;
[xUnit.net 00:00:00.79]   Finished:    ComprobantePago.Tests&#xD;
</StdOut>
    </Output>
  </ResultSummary>
</TestRun>